#
# There is insufficient memory for the Java Runtime Environment to continue.
# Native memory allocation (mmap) failed to map 73400320 bytes for G1 virtual space
# Possible reasons:
#   The system is out of physical RAM or swap space
#   The process is running with CompressedOops enabled, and the Java Heap may be blocking the growth of the native heap
# Possible solutions:
#   Reduce memory load on the system
#   Increase physical memory or swap space
#   Check if swap backing store is full
#   Decrease Java heap size (-Xmx/-Xms)
#   Decrease number of Java threads
#   Decrease Java thread stack sizes (-Xss)
#   Set larger code cache with -XX:ReservedCodeCacheSize=
#   JVM is running with Unscaled Compressed Oops mode in which the Java heap is
#     placed in the first 4GB address space. The Java Heap base address is the
#     maximum limit for the native heap growth. Please use -XX:HeapBaseMinAddress
#     to set the Java Heap base and to place the Java Heap above 4GB virtual address.
# This output file may be truncated or incomplete.
#
#  Out of Memory Error (os_windows.cpp:3557), pid=24024, tid=19008
#
# JRE version: OpenJDK Runtime Environment Temurin-17.0.6+10 (17.0.6+10) (build 17.0.6+10)
# Java VM: OpenJDK 64-Bit Server VM Temurin-17.0.6+10 (17.0.6+10, mixed mode, tiered, compressed oops, compressed class ptrs, g1 gc, windows-amd64)
# No core dump will be written. Minidumps are not enabled by default on client versions of Windows
#

---------------  S U M M A R Y ------------

Command Line: -Dfile.encoding=UTF-8 -XX:+ShowCodeDetailsInExceptionMessages View.TelaPrincipal

Host: Intel(R) Core(TM) i5-1035G1 CPU @ 1.00GHz, 8 cores, 7G,  Windows 11 , 64 bit Build 22621 (10.0.22621.1635)
Time: Sat Jun 10 16:55:37 2023 Hora oficial do Brasil elapsed time: 129.705239 seconds (0d 0h 2m 9s)

---------------  T H R E A D  ---------------

Current thread (0x00000292fe6e2470):  VMThread "VM Thread" [stack: 0x000000be05400000,0x000000be05500000] [id=19008]

Stack: [0x000000be05400000,0x000000be05500000]
Native frames: (J=compiled Java code, j=interpreted, Vv=VM code, C=native code)
V  [jvm.dll+0x67741a]
V  [jvm.dll+0x834434]
V  [jvm.dll+0x835bde]
V  [jvm.dll+0x836243]
V  [jvm.dll+0x2457b5]
V  [jvm.dll+0x674329]
V  [jvm.dll+0x6689da]
V  [jvm.dll+0x30489b]
V  [jvm.dll+0x30bd96]
V  [jvm.dll+0x35b57e]
V  [jvm.dll+0x35b7af]
V  [jvm.dll+0x2db778]
V  [jvm.dll+0x2d9a2c]
V  [jvm.dll+0x2d8ffc]
V  [jvm.dll+0x31d0f1]
V  [jvm.dll+0x83a6eb]
V  [jvm.dll+0x83b424]
V  [jvm.dll+0x83b93c]
V  [jvm.dll+0x83bd14]
V  [jvm.dll+0x83bde0]
V  [jvm.dll+0x7e483a]
V  [jvm.dll+0x6762c5]
C  [ucrtbase.dll+0x29363]
C  [KERNEL32.DLL+0x126ad]
C  [ntdll.dll+0x5a9f8]

VM_Operation (0x000000be064fd670): G1TryInitiateConcMark, mode: safepoint, requested by thread 0x00000292ff6335b0


---------------  P R O C E S S  ---------------

Threads class SMR info:
_java_thread_list=0x00000292ffb97a20, length=17, elements={
0x00000292ff01d010, 0x00000292ff01d8d0, 0x00000292fe6efc40, 0x00000292fe6f0500,
0x00000292fe6f11d0, 0x00000292fe6f4040, 0x00000292ff0457d0, 0x00000292ff0480e0,
0x00000292ff0489e0, 0x00000292ff1b3ef0, 0x00000292ff1b4bd0, 0x00000292ff5ed740,
0x00000292ff5ee630, 0x00000292ff5eef10, 0x00000292ff6335b0, 0x00000292f38e7f60,
0x00000292ff789d80
}

Java Threads: ( => current thread )
  0x00000292ff01d010 JavaThread "Reference Handler" daemon [_thread_blocked, id=11380, stack(0x000000be05500000,0x000000be05600000)]
  0x00000292ff01d8d0 JavaThread "Finalizer" daemon [_thread_blocked, id=6016, stack(0x000000be05600000,0x000000be05700000)]
  0x00000292fe6efc40 JavaThread "Signal Dispatcher" daemon [_thread_blocked, id=24536, stack(0x000000be05700000,0x000000be05800000)]
  0x00000292fe6f0500 JavaThread "Attach Listener" daemon [_thread_blocked, id=24412, stack(0x000000be05800000,0x000000be05900000)]
  0x00000292fe6f11d0 JavaThread "Service Thread" daemon [_thread_blocked, id=29672, stack(0x000000be05900000,0x000000be05a00000)]
  0x00000292fe6f4040 JavaThread "Monitor Deflation Thread" daemon [_thread_blocked, id=28608, stack(0x000000be05a00000,0x000000be05b00000)]
  0x00000292ff0457d0 JavaThread "C2 CompilerThread0" daemon [_thread_blocked, id=12928, stack(0x000000be05b00000,0x000000be05c00000)]
  0x00000292ff0480e0 JavaThread "C1 CompilerThread0" daemon [_thread_blocked, id=15752, stack(0x000000be05c00000,0x000000be05d00000)]
  0x00000292ff0489e0 JavaThread "Sweeper thread" daemon [_thread_blocked, id=27204, stack(0x000000be05d00000,0x000000be05e00000)]
  0x00000292ff1b3ef0 JavaThread "Notification Thread" daemon [_thread_blocked, id=24440, stack(0x000000be05e00000,0x000000be05f00000)]
  0x00000292ff1b4bd0 JavaThread "Common-Cleaner" daemon [_thread_blocked, id=6892, stack(0x000000be06000000,0x000000be06100000)]
  0x00000292ff5ed740 JavaThread "Java2D Disposer" daemon [_thread_blocked, id=27984, stack(0x000000be06100000,0x000000be06200000)]
  0x00000292ff5ee630 JavaThread "AWT-Shutdown" [_thread_blocked, id=26876, stack(0x000000be06200000,0x000000be06300000)]
  0x00000292ff5eef10 JavaThread "AWT-Windows" daemon [_thread_blocked, id=24216, stack(0x000000be06300000,0x000000be06400000)]
  0x00000292ff6335b0 JavaThread "AWT-EventQueue-0" [_thread_blocked, id=25932, stack(0x000000be06400000,0x000000be06500000)]
  0x00000292f38e7f60 JavaThread "DestroyJavaVM" [_thread_blocked, id=28100, stack(0x000000be04e00000,0x000000be04f00000)]
  0x00000292ff789d80 JavaThread "TimerQueue" daemon [_thread_blocked, id=29228, stack(0x000000be06600000,0x000000be06700000)]

Other Threads:
=>0x00000292fe6e2470 VMThread "VM Thread" [stack: 0x000000be05400000,0x000000be05500000] [id=19008]
  0x00000292f3962020 WatcherThread [stack: 0x000000be05f00000,0x000000be06000000] [id=29540]
  0x00000292f3943800 GCTaskThread "GC Thread#0" [stack: 0x000000be04f00000,0x000000be05000000] [id=29208]
  0x00000292ff91e750 GCTaskThread "GC Thread#1" [stack: 0x000000be04b00000,0x000000be04c00000] [id=28872]
  0x00000292ff91ecb0 GCTaskThread "GC Thread#2" [stack: 0x000000be04c00000,0x000000be04d00000] [id=29512]
  0x00000292ff91ef60 GCTaskThread "GC Thread#3" [stack: 0x000000be04d00000,0x000000be04e00000] [id=27084]
  0x00000292ff91f210 GCTaskThread "GC Thread#4" [stack: 0x000000be06500000,0x000000be06600000] [id=15700]
  0x00000292ff91f4c0 GCTaskThread "GC Thread#5" [stack: 0x000000be06a00000,0x000000be06b00000] [id=25008]
  0x00000292ff91f770 GCTaskThread "GC Thread#6" [stack: 0x000000be06b00000,0x000000be06c00000] [id=28680]
  0x00000292ff91e1f0 GCTaskThread "GC Thread#7" [stack: 0x000000be06c00000,0x000000be06d00000] [id=26728]
  0x00000292f3954e60 ConcurrentGCThread "G1 Main Marker" [stack: 0x000000be05000000,0x000000be05100000] [id=24644]
  0x00000292f3955780 ConcurrentGCThread "G1 Conc#0" [stack: 0x000000be05100000,0x000000be05200000] [id=27900]
  0x00000292ff91df40 ConcurrentGCThread "G1 Conc#1" [stack: 0x000000be06700000,0x000000be06800000] [id=728]
  0x00000292f39ae7c0 ConcurrentGCThread "G1 Refine#0" [stack: 0x000000be05200000,0x000000be05300000] [id=27532]
  0x00000292fe5330d0 ConcurrentGCThread "G1 Service" [stack: 0x000000be05300000,0x000000be05400000] [id=28784]

Threads with active compile tasks:
C2 CompilerThread0   129734 2733   !   4       javax.swing.JComponent::paintChildren (691 bytes)

VM state: at safepoint (normal execution)

VM Mutex/Monitor currently owned by a thread:  ([mutex/lock_event])
[0x00000292f38e2770] Threads_lock - owner thread: 0x00000292fe6e2470
[0x00000292f38e3850] Heap_lock - owner thread: 0x00000292ff6335b0

Heap address: 0x0000000084000000, size: 1984 MB, Compressed Oops mode: 32-bit

CDS archive(s) not mapped
Compressed class space mapped at: 0x0000000100000000-0x0000000140000000, reserved size: 1073741824
Narrow klass base: 0x0000000000000000, Narrow klass shift: 3, Narrow klass range: 0x140000000

GC Precious Log:
 CPUs: 8 total, 8 available
 Memory: 7930M
 Large Page Support: Disabled
 NUMA Support: Disabled
 Compressed Oops: Enabled (32-bit)
 Heap Region Size: 1M
 Heap Min Capacity: 8M
 Heap Initial Capacity: 124M
 Heap Max Capacity: 1984M
 Pre-touch: Disabled
 Parallel Workers: 8
 Concurrent Workers: 2
 Concurrent Refinement Workers: 8
 Periodic GC: Disabled

Heap:
 garbage-first heap   total 126976K, used 52668K [0x0000000084000000, 0x0000000100000000)
  region size 1024K, 1 young (1024K), 1 survivors (1024K)
 Metaspace       used 16214K, committed 16384K, reserved 1064960K
  class space    used 1566K, committed 1664K, reserved 1048576K

Heap Regions: E=young(eden), S=young(survivor), O=old, HS=humongous(starts), HC=humongous(continues), CS=collection set, F=free, OA=open archive, CA=closed archive, TAMS=top-at-mark-start (previous, next)
|   0|0x0000000084000000, 0x0000000084100000, 0x0000000084100000|100%|HS|  |TAMS 0x0000000084100000, 0x0000000084100000| Complete 
|   1|0x0000000084100000, 0x0000000084200000, 0x0000000084200000|100%|HS|  |TAMS 0x0000000084100000, 0x0000000084200000| Complete 
|   2|0x0000000084200000, 0x0000000084300000, 0x0000000084300000|100%|HC|  |TAMS 0x0000000084200000, 0x0000000084300000| Complete 
|   3|0x0000000084300000, 0x0000000084400000, 0x0000000084400000|100%|HS|  |TAMS 0x0000000084300000, 0x0000000084400000| Complete 
|   4|0x0000000084400000, 0x0000000084500000, 0x0000000084500000|100%|HC|  |TAMS 0x0000000084400000, 0x0000000084500000| Complete 
|   5|0x0000000084500000, 0x0000000084600000, 0x0000000084600000|100%|HS|  |TAMS 0x0000000084500000, 0x0000000084600000| Complete 
|   6|0x0000000084600000, 0x0000000084700000, 0x0000000084700000|100%|HC|  |TAMS 0x0000000084600000, 0x0000000084700000| Complete 
|   7|0x0000000084700000, 0x0000000084800000, 0x0000000084800000|100%|HS|  |TAMS 0x0000000084700000, 0x0000000084800000| Complete 
|   8|0x0000000084800000, 0x0000000084900000, 0x0000000084900000|100%|HC|  |TAMS 0x0000000084800000, 0x0000000084900000| Complete 
|   9|0x0000000084900000, 0x0000000084a00000, 0x0000000084a00000|100%|HS|  |TAMS 0x0000000084900000, 0x0000000084a00000| Complete 
|  10|0x0000000084a00000, 0x0000000084b00000, 0x0000000084b00000|100%|HC|  |TAMS 0x0000000084a00000, 0x0000000084b00000| Complete 
|  11|0x0000000084b00000, 0x0000000084c00000, 0x0000000084c00000|100%|HS|  |TAMS 0x0000000084b00000, 0x0000000084c00000| Complete 
|  12|0x0000000084c00000, 0x0000000084d00000, 0x0000000084d00000|100%|HC|  |TAMS 0x0000000084c00000, 0x0000000084d00000| Complete 
|  13|0x0000000084d00000, 0x0000000084e00000, 0x0000000084e00000|100%|HS|  |TAMS 0x0000000084d00000, 0x0000000084e00000| Complete 
|  14|0x0000000084e00000, 0x0000000084f00000, 0x0000000084f00000|100%|HC|  |TAMS 0x0000000084e00000, 0x0000000084f00000| Complete 
|  15|0x0000000084f00000, 0x0000000085000000, 0x0000000085000000|100%|HS|  |TAMS 0x0000000084f00000, 0x0000000085000000| Complete 
|  16|0x0000000085000000, 0x0000000085100000, 0x0000000085100000|100%|HC|  |TAMS 0x0000000085000000, 0x0000000085100000| Complete 
|  17|0x0000000085100000, 0x0000000085200000, 0x0000000085200000|100%|HS|  |TAMS 0x0000000085100000, 0x0000000085200000| Complete 
|  18|0x0000000085200000, 0x0000000085300000, 0x0000000085300000|100%|HC|  |TAMS 0x0000000085200000, 0x0000000085300000| Complete 
|  19|0x0000000085300000, 0x0000000085400000, 0x0000000085400000|100%|HS|  |TAMS 0x0000000085300000, 0x0000000085400000| Complete 
|  20|0x0000000085400000, 0x0000000085500000, 0x0000000085500000|100%|HC|  |TAMS 0x0000000085400000, 0x0000000085500000| Complete 
|  21|0x0000000085500000, 0x0000000085600000, 0x0000000085600000|100%|HS|  |TAMS 0x0000000085500000, 0x0000000085600000| Complete 
|  22|0x0000000085600000, 0x0000000085700000, 0x0000000085700000|100%|HC|  |TAMS 0x0000000085600000, 0x0000000085700000| Complete 
|  23|0x0000000085700000, 0x0000000085800000, 0x0000000085800000|100%|HS|  |TAMS 0x0000000085700000, 0x0000000085800000| Complete 
|  24|0x0000000085800000, 0x0000000085900000, 0x0000000085900000|100%|HC|  |TAMS 0x0000000085800000, 0x0000000085900000| Complete 
|  25|0x0000000085900000, 0x0000000085a00000, 0x0000000085a00000|100%|HS|  |TAMS 0x0000000085900000, 0x0000000085a00000| Complete 
|  26|0x0000000085a00000, 0x0000000085b00000, 0x0000000085b00000|100%|HC|  |TAMS 0x0000000085a00000, 0x0000000085b00000| Complete 
|  27|0x0000000085b00000, 0x0000000085c00000, 0x0000000085c00000|100%|HS|  |TAMS 0x0000000085b00000, 0x0000000085c00000| Complete 
|  28|0x0000000085c00000, 0x0000000085d00000, 0x0000000085d00000|100%|HC|  |TAMS 0x0000000085c00000, 0x0000000085d00000| Complete 
|  29|0x0000000085d00000, 0x0000000085e00000, 0x0000000085e00000|100%|HS|  |TAMS 0x0000000085d00000, 0x0000000085e00000| Complete 
|  30|0x0000000085e00000, 0x0000000085f00000, 0x0000000085f00000|100%|HC|  |TAMS 0x0000000085e00000, 0x0000000085f00000| Complete 
|  31|0x0000000085f00000, 0x0000000086000000, 0x0000000086000000|100%|HS|  |TAMS 0x0000000085f00000, 0x0000000086000000| Complete 
|  32|0x0000000086000000, 0x0000000086100000, 0x0000000086100000|100%|HC|  |TAMS 0x0000000086000000, 0x0000000086100000| Complete 
|  33|0x0000000086100000, 0x0000000086200000, 0x0000000086200000|100%|HS|  |TAMS 0x0000000086100000, 0x0000000086200000| Complete 
|  34|0x0000000086200000, 0x0000000086300000, 0x0000000086300000|100%|HC|  |TAMS 0x0000000086200000, 0x0000000086300000| Complete 
|  35|0x0000000086300000, 0x0000000086400000, 0x0000000086400000|100%|HS|  |TAMS 0x0000000086300000, 0x0000000086400000| Complete 
|  36|0x0000000086400000, 0x0000000086500000, 0x0000000086500000|100%|HC|  |TAMS 0x0000000086400000, 0x0000000086500000| Complete 
|  37|0x0000000086500000, 0x0000000086600000, 0x0000000086600000|100%|HS|  |TAMS 0x0000000086500000, 0x0000000086600000| Complete 
|  38|0x0000000086600000, 0x0000000086700000, 0x0000000086700000|100%|HC|  |TAMS 0x0000000086600000, 0x0000000086700000| Complete 
|  39|0x0000000086700000, 0x0000000086800000, 0x0000000086800000|100%|HS|  |TAMS 0x0000000086700000, 0x0000000086800000| Complete 
|  40|0x0000000086800000, 0x0000000086900000, 0x0000000086900000|100%|HC|  |TAMS 0x0000000086800000, 0x0000000086900000| Complete 
|  41|0x0000000086900000, 0x0000000086a00000, 0x0000000086a00000|100%|HS|  |TAMS 0x0000000086900000, 0x0000000086a00000| Complete 
|  42|0x0000000086a00000, 0x0000000086b00000, 0x0000000086b00000|100%|HC|  |TAMS 0x0000000086a00000, 0x0000000086b00000| Complete 
|  43|0x0000000086b00000, 0x0000000086c00000, 0x0000000086c00000|100%|HS|  |TAMS 0x0000000086b00000, 0x0000000086c00000| Complete 
|  44|0x0000000086c00000, 0x0000000086d00000, 0x0000000086d00000|100%|HC|  |TAMS 0x0000000086c00000, 0x0000000086d00000| Complete 
|  45|0x0000000086d00000, 0x0000000086e00000, 0x0000000086e00000|100%|HS|  |TAMS 0x0000000086d00000, 0x0000000086e00000| Complete 
|  46|0x0000000086e00000, 0x0000000086f00000, 0x0000000086f00000|100%|HC|  |TAMS 0x0000000086e00000, 0x0000000086f00000| Complete 
|  47|0x0000000086f00000, 0x0000000087000000, 0x0000000087000000|100%|HS|  |TAMS 0x0000000086f00000, 0x0000000087000000| Complete 
|  48|0x0000000087000000, 0x0000000087100000, 0x0000000087100000|100%|HC|  |TAMS 0x0000000087000000, 0x0000000087100000| Complete 
|  49|0x0000000087100000, 0x0000000087100000, 0x0000000087200000|  0%| F|  |TAMS 0x0000000087100000, 0x0000000087100000| Untracked 
|  50|0x0000000087200000, 0x0000000087200000, 0x0000000087300000|  0%| F|  |TAMS 0x0000000087200000, 0x0000000087200000| Untracked 
|  51|0x0000000087300000, 0x0000000087300000, 0x0000000087400000|  0%| F|  |TAMS 0x0000000087300000, 0x0000000087300000| Untracked 
|  52|0x0000000087400000, 0x0000000087400000, 0x0000000087500000|  0%| F|  |TAMS 0x0000000087400000, 0x0000000087400000| Untracked 
|  53|0x0000000087500000, 0x0000000087500000, 0x0000000087600000|  0%| F|  |TAMS 0x0000000087500000, 0x0000000087500000| Untracked 
|  54|0x0000000087600000, 0x0000000087600000, 0x0000000087700000|  0%| F|  |TAMS 0x0000000087600000, 0x0000000087600000| Untracked 
|  55|0x0000000087700000, 0x0000000087800000, 0x0000000087800000|100%| O|  |TAMS 0x0000000087700000, 0x0000000087800000| Untracked 
|  56|0x0000000087800000, 0x0000000087900000, 0x0000000087900000|100%| O|  |TAMS 0x0000000087800000, 0x0000000087900000| Untracked 
|  57|0x0000000087900000, 0x0000000087954200, 0x0000000087a00000| 32%| O|  |TAMS 0x0000000087900000, 0x0000000087954200| Untracked 
|  58|0x0000000087a00000, 0x0000000087a00000, 0x0000000087b00000|  0%| F|  |TAMS 0x0000000087a00000, 0x0000000087a00000| Untracked 
|  59|0x0000000087b00000, 0x0000000087b00000, 0x0000000087c00000|  0%| F|  |TAMS 0x0000000087b00000, 0x0000000087b00000| Untracked 
|  60|0x0000000087c00000, 0x0000000087c00000, 0x0000000087d00000|  0%| F|  |TAMS 0x0000000087c00000, 0x0000000087c00000| Untracked 
|  61|0x0000000087d00000, 0x0000000087d00000, 0x0000000087e00000|  0%| F|  |TAMS 0x0000000087d00000, 0x0000000087d00000| Untracked 
|  62|0x0000000087e00000, 0x0000000087e00000, 0x0000000087f00000|  0%| F|  |TAMS 0x0000000087e00000, 0x0000000087e00000| Untracked 
|  63|0x0000000087f00000, 0x0000000087f00000, 0x0000000088000000|  0%| F|  |TAMS 0x0000000087f00000, 0x0000000087f00000| Untracked 
|  64|0x0000000088000000, 0x0000000088000000, 0x0000000088100000|  0%| F|  |TAMS 0x0000000088000000, 0x0000000088000000| Untracked 
|  65|0x0000000088100000, 0x0000000088100000, 0x0000000088200000|  0%| F|  |TAMS 0x0000000088100000, 0x0000000088100000| Untracked 
|  66|0x0000000088200000, 0x0000000088200000, 0x0000000088300000|  0%| F|  |TAMS 0x0000000088200000, 0x0000000088200000| Untracked 
|  67|0x0000000088300000, 0x0000000088300000, 0x0000000088400000|  0%| F|  |TAMS 0x0000000088300000, 0x0000000088300000| Untracked 
|  68|0x0000000088400000, 0x0000000088400000, 0x0000000088500000|  0%| F|  |TAMS 0x0000000088400000, 0x0000000088400000| Untracked 
|  69|0x0000000088500000, 0x0000000088500000, 0x0000000088600000|  0%| F|  |TAMS 0x0000000088500000, 0x0000000088500000| Untracked 
|  70|0x0000000088600000, 0x0000000088600000, 0x0000000088700000|  0%| F|  |TAMS 0x0000000088600000, 0x0000000088600000| Untracked 
|  71|0x0000000088700000, 0x0000000088700000, 0x0000000088800000|  0%| F|  |TAMS 0x0000000088700000, 0x0000000088700000| Untracked 
|  72|0x0000000088800000, 0x0000000088800000, 0x0000000088900000|  0%| F|  |TAMS 0x0000000088800000, 0x0000000088800000| Untracked 
|  73|0x0000000088900000, 0x0000000088900000, 0x0000000088a00000|  0%| F|  |TAMS 0x0000000088900000, 0x0000000088900000| Untracked 
|  74|0x0000000088a00000, 0x0000000088a00000, 0x0000000088b00000|  0%| F|  |TAMS 0x0000000088a00000, 0x0000000088a00000| Untracked 
|  75|0x0000000088b00000, 0x0000000088b00000, 0x0000000088c00000|  0%| F|  |TAMS 0x0000000088b00000, 0x0000000088b00000| Untracked 
|  76|0x0000000088c00000, 0x0000000088c00000, 0x0000000088d00000|  0%| F|  |TAMS 0x0000000088c00000, 0x0000000088c00000| Untracked 
|  77|0x0000000088d00000, 0x0000000088d00000, 0x0000000088e00000|  0%| F|  |TAMS 0x0000000088d00000, 0x0000000088d00000| Untracked 
|  78|0x0000000088e00000, 0x0000000088e00000, 0x0000000088f00000|  0%| F|  |TAMS 0x0000000088e00000, 0x0000000088e00000| Untracked 
|  79|0x0000000088f00000, 0x0000000088f00000, 0x0000000089000000|  0%| F|  |TAMS 0x0000000088f00000, 0x0000000088f00000| Untracked 
|  80|0x0000000089000000, 0x0000000089000000, 0x0000000089100000|  0%| F|  |TAMS 0x0000000089000000, 0x0000000089000000| Untracked 
|  81|0x0000000089100000, 0x0000000089100000, 0x0000000089200000|  0%| F|  |TAMS 0x0000000089100000, 0x0000000089100000| Untracked 
|  82|0x0000000089200000, 0x0000000089200000, 0x0000000089300000|  0%| F|  |TAMS 0x0000000089200000, 0x0000000089200000| Untracked 
|  83|0x0000000089300000, 0x0000000089300000, 0x0000000089400000|  0%| F|  |TAMS 0x0000000089300000, 0x0000000089300000| Untracked 
|  84|0x0000000089400000, 0x0000000089400000, 0x0000000089500000|  0%| F|  |TAMS 0x0000000089400000, 0x0000000089400000| Untracked 
|  85|0x0000000089500000, 0x0000000089500000, 0x0000000089600000|  0%| F|  |TAMS 0x0000000089500000, 0x0000000089500000| Untracked 
|  86|0x0000000089600000, 0x0000000089600000, 0x0000000089700000|  0%| F|  |TAMS 0x0000000089600000, 0x0000000089600000| Untracked 
|  87|0x0000000089700000, 0x0000000089700000, 0x0000000089800000|  0%| F|  |TAMS 0x0000000089700000, 0x0000000089700000| Untracked 
|  88|0x0000000089800000, 0x0000000089800000, 0x0000000089900000|  0%| F|  |TAMS 0x0000000089800000, 0x0000000089800000| Untracked 
|  89|0x0000000089900000, 0x0000000089900000, 0x0000000089a00000|  0%| F|  |TAMS 0x0000000089900000, 0x0000000089900000| Untracked 
|  90|0x0000000089a00000, 0x0000000089a00000, 0x0000000089b00000|  0%| F|  |TAMS 0x0000000089a00000, 0x0000000089a00000| Untracked 
|  91|0x0000000089b00000, 0x0000000089b00000, 0x0000000089c00000|  0%| F|  |TAMS 0x0000000089b00000, 0x0000000089b00000| Untracked 
|  92|0x0000000089c00000, 0x0000000089c00000, 0x0000000089d00000|  0%| F|  |TAMS 0x0000000089c00000, 0x0000000089c00000| Untracked 
|  93|0x0000000089d00000, 0x0000000089d00000, 0x0000000089e00000|  0%| F|  |TAMS 0x0000000089d00000, 0x0000000089d00000| Untracked 
|  94|0x0000000089e00000, 0x0000000089e00000, 0x0000000089f00000|  0%| F|  |TAMS 0x0000000089e00000, 0x0000000089e00000| Untracked 
|  95|0x0000000089f00000, 0x0000000089f00000, 0x000000008a000000|  0%| F|  |TAMS 0x0000000089f00000, 0x0000000089f00000| Untracked 
|  96|0x000000008a000000, 0x000000008a000000, 0x000000008a100000|  0%| F|  |TAMS 0x000000008a000000, 0x000000008a000000| Untracked 
|  97|0x000000008a100000, 0x000000008a100000, 0x000000008a200000|  0%| F|  |TAMS 0x000000008a100000, 0x000000008a100000| Untracked 
|  98|0x000000008a200000, 0x000000008a200000, 0x000000008a300000|  0%| F|  |TAMS 0x000000008a200000, 0x000000008a200000| Untracked 
|  99|0x000000008a300000, 0x000000008a300000, 0x000000008a400000|  0%| F|  |TAMS 0x000000008a300000, 0x000000008a300000| Untracked 
| 100|0x000000008a400000, 0x000000008a400000, 0x000000008a500000|  0%| F|  |TAMS 0x000000008a400000, 0x000000008a400000| Untracked 
| 101|0x000000008a500000, 0x000000008a500000, 0x000000008a600000|  0%| F|  |TAMS 0x000000008a500000, 0x000000008a500000| Untracked 
| 102|0x000000008a600000, 0x000000008a600000, 0x000000008a700000|  0%| F|  |TAMS 0x000000008a600000, 0x000000008a600000| Untracked 
| 103|0x000000008a700000, 0x000000008a700000, 0x000000008a800000|  0%| F|  |TAMS 0x000000008a700000, 0x000000008a700000| Untracked 
| 104|0x000000008a800000, 0x000000008a800000, 0x000000008a900000|  0%| F|  |TAMS 0x000000008a800000, 0x000000008a800000| Untracked 
| 105|0x000000008a900000, 0x000000008a900000, 0x000000008aa00000|  0%| F|  |TAMS 0x000000008a900000, 0x000000008a900000| Untracked 
| 106|0x000000008aa00000, 0x000000008aa00000, 0x000000008ab00000|  0%| F|  |TAMS 0x000000008aa00000, 0x000000008aa00000| Untracked 
| 107|0x000000008ab00000, 0x000000008ab00000, 0x000000008ac00000|  0%| F|  |TAMS 0x000000008ab00000, 0x000000008ab00000| Untracked 
| 108|0x000000008ac00000, 0x000000008ac00000, 0x000000008ad00000|  0%| F|  |TAMS 0x000000008ac00000, 0x000000008ac00000| Untracked 
| 109|0x000000008ad00000, 0x000000008ad00000, 0x000000008ae00000|  0%| F|  |TAMS 0x000000008ad00000, 0x000000008ad00000| Untracked 
| 110|0x000000008ae00000, 0x000000008ae00000, 0x000000008af00000|  0%| F|  |TAMS 0x000000008ae00000, 0x000000008ae00000| Untracked 
| 111|0x000000008af00000, 0x000000008af00000, 0x000000008b000000|  0%| F|  |TAMS 0x000000008af00000, 0x000000008af00000| Untracked 
| 112|0x000000008b000000, 0x000000008b000000, 0x000000008b100000|  0%| F|  |TAMS 0x000000008b000000, 0x000000008b000000| Untracked 
| 113|0x000000008b100000, 0x000000008b100000, 0x000000008b200000|  0%| F|  |TAMS 0x000000008b100000, 0x000000008b100000| Untracked 
| 114|0x000000008b200000, 0x000000008b200000, 0x000000008b300000|  0%| F|  |TAMS 0x000000008b200000, 0x000000008b200000| Untracked 
| 115|0x000000008b300000, 0x000000008b300000, 0x000000008b400000|  0%| F|  |TAMS 0x000000008b300000, 0x000000008b300000| Untracked 
| 116|0x000000008b400000, 0x000000008b400000, 0x000000008b500000|  0%| F|  |TAMS 0x000000008b400000, 0x000000008b400000| Untracked 
| 117|0x000000008b500000, 0x000000008b51b168, 0x000000008b600000| 10%| S|CS|TAMS 0x000000008b500000, 0x000000008b500000| Complete 
| 118|0x000000008b600000, 0x000000008b600000, 0x000000008b700000|  0%| F|  |TAMS 0x000000008b600000, 0x000000008b600000| Untracked 
| 119|0x000000008b700000, 0x000000008b700000, 0x000000008b800000|  0%| F|  |TAMS 0x000000008b700000, 0x000000008b700000| Untracked 
| 120|0x000000008b800000, 0x000000008b800000, 0x000000008b900000|  0%| F|  |TAMS 0x000000008b800000, 0x000000008b800000| Untracked 
| 121|0x000000008b900000, 0x000000008b900000, 0x000000008ba00000|  0%| F|  |TAMS 0x000000008b900000, 0x000000008b900000| Untracked 
| 122|0x000000008ba00000, 0x000000008ba00000, 0x000000008bb00000|  0%| F|  |TAMS 0x000000008ba00000, 0x000000008ba00000| Untracked 
| 123|0x000000008bb00000, 0x000000008bb00000, 0x000000008bc00000|  0%| F|  |TAMS 0x000000008bb00000, 0x000000008bb00000| Untracked 

Card table byte_map: [0x00000292f76b0000,0x00000292f7a90000] _byte_map_base: 0x00000292f7290000

Marking Bits (Prev, Next): (CMBitMap*) 0x00000292f3944d70, (CMBitMap*) 0x00000292f3944d30
 Prev Bits: [0x00000292f9d70000, 0x00000292fbc70000)
 Next Bits: [0x00000292f7e70000, 0x00000292f9d70000)

Polling page: 0x00000292f30b0000

Metaspace:

Usage:
  Non-class:     14.30 MB used.
      Class:      1.53 MB used.
       Both:     15.83 MB used.

Virtual space:
  Non-class space:       16.00 MB reserved,      14.38 MB ( 90%) committed,  2 nodes.
      Class space:        1.00 GB reserved,       1.62 MB ( <1%) committed,  1 nodes.
             Both:        1.02 GB reserved,      16.00 MB (  2%) committed. 

Chunk freelists:
   Non-Class:  1.00 MB
       Class:  2.25 MB
        Both:  3.25 MB

MaxMetaspaceSize: unlimited
CompressedClassSpaceSize: 1.00 GB
Initial GC threshold: 21.00 MB
Current GC threshold: 26.69 MB
CDS: off
MetaspaceReclaimPolicy: balanced
 - commit_granule_bytes: 65536.
 - commit_granule_words: 8192.
 - virtual_space_node_default_size: 1048576.
 - enlarge_chunks_in_place: 1.
 - new_chunks_are_fully_committed: 0.
 - uncommit_free_chunks: 1.
 - use_allocation_guard: 0.
 - handle_deallocations: 1.


Internal statistics:

num_allocs_failed_limit: 0.
num_arena_births: 130.
num_arena_deaths: 0.
num_vsnodes_births: 3.
num_vsnodes_deaths: 0.
num_space_committed: 256.
num_space_uncommitted: 0.
num_chunks_returned_to_freelist: 0.
num_chunks_taken_from_freelist: 202.
num_chunk_merges: 0.
num_chunk_splits: 105.
num_chunks_enlarged: 44.
num_purges: 0.
num_inconsistent_stats: 0.

CodeHeap 'non-profiled nmethods': size=120000Kb used=1199Kb max_used=1199Kb free=118801Kb
 bounds [0x0000029287ad0000, 0x0000029287d40000, 0x000002928f000000]
CodeHeap 'profiled nmethods': size=120000Kb used=5358Kb max_used=5358Kb free=114641Kb
 bounds [0x0000029280000000, 0x0000029280540000, 0x0000029287530000]
CodeHeap 'non-nmethods': size=5760Kb used=1290Kb max_used=1337Kb free=4469Kb
 bounds [0x0000029287530000, 0x00000292877a0000, 0x0000029287ad0000]
 total_blobs=3335 nmethods=2731 adapters=514
 compilation: enabled
              stopped_count=0, restarted_count=0
 full_count=0

Compilation events (20 events):
Event: 129.303 Thread 0x00000292ff0480e0 2723       3       sun.awt.windows.WComponentPeer::getBounds (11 bytes)
Event: 129.303 Thread 0x00000292ff0480e0 nmethod 2723 0x0000029280539990 code [0x0000029280539b40, 0x0000029280539ec8]
Event: 129.303 Thread 0x00000292ff0480e0 2724       3       javax.swing.RepaintManager$PaintManager::getTransform (32 bytes)
Event: 129.304 Thread 0x00000292ff0480e0 nmethod 2724 0x000002928053a010 code [0x000002928053a1e0, 0x000002928053a788]
Event: 129.304 Thread 0x00000292ff0480e0 2725       3       sun.swing.SwingUtilities2::isFloatingPointScale (58 bytes)
Event: 129.304 Thread 0x00000292ff0480e0 nmethod 2725 0x000002928053a890 code [0x000002928053aa60, 0x000002928053ae48]
Event: 129.304 Thread 0x00000292ff0480e0 2726       3       sun.java2d.SunGraphics2D::getTransform (50 bytes)
Event: 129.304 Thread 0x00000292ff0480e0 nmethod 2726 0x000002928053af90 code [0x000002928053b160, 0x000002928053b408]
Event: 129.334 Thread 0x00000292ff0480e0 2728       3       java.awt.geom.AffineTransform::getTranslateInstance (19 bytes)
Event: 129.334 Thread 0x00000292ff0480e0 nmethod 2728 0x000002928053b510 code [0x000002928053b6c0, 0x000002928053b898]
Event: 129.342 Thread 0x00000292ff0457d0 nmethod 2716 0x0000029287bf0590 code [0x0000029287bf08c0, 0x0000029287bf2f50]
Event: 129.343 Thread 0x00000292ff0457d0 2727       4       java.awt.Component::bounds (24 bytes)
Event: 129.343 Thread 0x00000292ff0457d0 nmethod 2727 0x0000029287bf5290 code [0x0000029287bf5420, 0x0000029287bf5518]
Event: 129.343 Thread 0x00000292ff0457d0 2717       4       javax.swing.plaf.basic.BasicTextUI::update (7 bytes)
Event: 129.382 Thread 0x00000292ff0457d0 nmethod 2717 0x0000029287bf5610 code [0x0000029287bf5980, 0x0000029287bf7988]
Event: 129.382 Thread 0x00000292ff0457d0 2730       4       sun.java2d.pipe.PixelToParallelogramConverter::drawRectangle (359 bytes)
Event: 129.387 Thread 0x00000292ff0457d0 nmethod 2730 0x0000029287bf9310 code [0x0000029287bf9520, 0x0000029287bf9bc8]
Event: 129.387 Thread 0x00000292ff0457d0 2729       4       javax.swing.plaf.basic.BasicTextUI::paintBackground (32 bytes)
Event: 129.399 Thread 0x00000292ff0457d0 nmethod 2729 0x0000029287bfa010 code [0x0000029287bfa280, 0x0000029287bfad40]
Event: 129.399 Thread 0x00000292ff0457d0 2733   !   4       javax.swing.JComponent::paintChildren (691 bytes)

GC Heap History (15 events):
Event: 118.547 GC heap before
{Heap before GC invocations=0 (full 0):
 garbage-first heap   total 126976K, used 24576K [0x0000000084000000, 0x0000000100000000)
  region size 1024K, 23 young (23552K), 0 survivors (0K)
 Metaspace       used 16050K, committed 16256K, reserved 1064960K
  class space    used 1564K, committed 1664K, reserved 1048576K
}
Event: 118.550 GC heap after
{Heap after GC invocations=1 (full 0):
 garbage-first heap   total 126976K, used 4010K [0x0000000084000000, 0x0000000100000000)
  region size 1024K, 3 young (3072K), 3 survivors (3072K)
 Metaspace       used 16050K, committed 16256K, reserved 1064960K
  class space    used 1564K, committed 1664K, reserved 1048576K
}
Event: 128.374 GC heap before
{Heap before GC invocations=1 (full 0):
 garbage-first heap   total 126976K, used 68522K [0x0000000084000000, 0x0000000100000000)
  region size 1024K, 13 young (13312K), 3 survivors (3072K)
 Metaspace       used 16214K, committed 16384K, reserved 1064960K
  class space    used 1566K, committed 1664K, reserved 1048576K
}
Event: 128.377 GC heap after
{Heap after GC invocations=2 (full 0):
 garbage-first heap   total 126976K, used 59263K [0x0000000084000000, 0x0000000100000000)
  region size 1024K, 1 young (1024K), 1 survivors (1024K)
 Metaspace       used 16214K, committed 16384K, reserved 1064960K
  class space    used 1566K, committed 1664K, reserved 1048576K
}
Event: 128.392 GC heap before
{Heap before GC invocations=3 (full 0):
 garbage-first heap   total 126976K, used 61311K [0x0000000084000000, 0x0000000100000000)
  region size 1024K, 2 young (2048K), 1 survivors (1024K)
 Metaspace       used 16214K, committed 16384K, reserved 1064960K
  class space    used 1566K, committed 1664K, reserved 1048576K
}
Event: 128.393 GC heap after
{Heap after GC invocations=4 (full 0):
 garbage-first heap   total 126976K, used 7709K [0x0000000084000000, 0x0000000100000000)
  region size 1024K, 1 young (1024K), 1 survivors (1024K)
 Metaspace       used 16214K, committed 16384K, reserved 1064960K
  class space    used 1566K, committed 1664K, reserved 1048576K
}
Event: 128.607 GC heap before
{Heap before GC invocations=4 (full 0):
 garbage-first heap   total 126976K, used 61981K [0x0000000084000000, 0x0000000100000000)
  region size 1024K, 7 young (7168K), 1 survivors (1024K)
 Metaspace       used 16214K, committed 16384K, reserved 1064960K
  class space    used 1566K, committed 1664K, reserved 1048576K
}
Event: 128.608 GC heap after
{Heap after GC invocations=5 (full 0):
 garbage-first heap   total 126976K, used 54742K [0x0000000084000000, 0x0000000100000000)
  region size 1024K, 1 young (1024K), 1 survivors (1024K)
 Metaspace       used 16214K, committed 16384K, reserved 1064960K
  class space    used 1566K, committed 1664K, reserved 1048576K
}
Event: 128.615 GC heap before
{Heap before GC invocations=5 (full 0):
 garbage-first heap   total 126976K, used 56790K [0x0000000084000000, 0x0000000100000000)
  region size 1024K, 2 young (2048K), 1 survivors (1024K)
 Metaspace       used 16214K, committed 16384K, reserved 1064960K
  class space    used 1566K, committed 1664K, reserved 1048576K
}
Event: 128.616 GC heap after
{Heap after GC invocations=6 (full 0):
 garbage-first heap   total 126976K, used 7612K [0x0000000084000000, 0x0000000100000000)
  region size 1024K, 1 young (1024K), 1 survivors (1024K)
 Metaspace       used 16214K, committed 16384K, reserved 1064960K
  class space    used 1566K, committed 1664K, reserved 1048576K
}
Event: 128.950 GC heap before
{Heap before GC invocations=6 (full 0):
 garbage-first heap   total 126976K, used 60860K [0x0000000084000000, 0x0000000100000000)
  region size 1024K, 6 young (6144K), 1 survivors (1024K)
 Metaspace       used 16214K, committed 16384K, reserved 1064960K
  class space    used 1566K, committed 1664K, reserved 1048576K
}
Event: 128.950 GC heap after
{Heap after GC invocations=7 (full 0):
 garbage-first heap   total 126976K, used 54718K [0x0000000084000000, 0x0000000100000000)
  region size 1024K, 1 young (1024K), 1 survivors (1024K)
 Metaspace       used 16214K, committed 16384K, reserved 1064960K
  class space    used 1566K, committed 1664K, reserved 1048576K
}
Event: 128.977 GC heap before
{Heap before GC invocations=7 (full 0):
 garbage-first heap   total 126976K, used 56766K [0x0000000084000000, 0x0000000100000000)
  region size 1024K, 2 young (2048K), 1 survivors (1024K)
 Metaspace       used 16214K, committed 16384K, reserved 1064960K
  class space    used 1566K, committed 1664K, reserved 1048576K
}
Event: 128.978 GC heap after
{Heap after GC invocations=8 (full 0):
 garbage-first heap   total 126976K, used 7606K [0x0000000084000000, 0x0000000100000000)
  region size 1024K, 1 young (1024K), 1 survivors (1024K)
 Metaspace       used 16214K, committed 16384K, reserved 1064960K
  class space    used 1566K, committed 1664K, reserved 1048576K
}
Event: 129.453 GC heap before
{Heap before GC invocations=8 (full 0):
 garbage-first heap   total 126976K, used 58806K [0x0000000084000000, 0x0000000100000000)
  region size 1024K, 6 young (6144K), 1 survivors (1024K)
 Metaspace       used 16214K, committed 16384K, reserved 1064960K
  class space    used 1566K, committed 1664K, reserved 1048576K
}

Dll operation events (8 events):
Event: 0.012 Loaded shared library C:\Users\david\.p2\pool\plugins\org.eclipse.justj.openjdk.hotspot.jre.full.win32.x86_64_17.0.6.v20230204-1729\jre\bin\java.dll
Event: 0.163 Loaded shared library C:\Users\david\.p2\pool\plugins\org.eclipse.justj.openjdk.hotspot.jre.full.win32.x86_64_17.0.6.v20230204-1729\jre\bin\jimage.dll
Event: 0.212 Loaded shared library C:\Users\david\.p2\pool\plugins\org.eclipse.justj.openjdk.hotspot.jre.full.win32.x86_64_17.0.6.v20230204-1729\jre\bin\awt.dll
Event: 0.519 Loaded shared library C:\Users\david\.p2\pool\plugins\org.eclipse.justj.openjdk.hotspot.jre.full.win32.x86_64_17.0.6.v20230204-1729\jre\bin\freetype.dll
Event: 0.520 Loaded shared library C:\Users\david\.p2\pool\plugins\org.eclipse.justj.openjdk.hotspot.jre.full.win32.x86_64_17.0.6.v20230204-1729\jre\bin\fontmanager.dll
Event: 0.656 Loaded shared library C:\Users\david\.p2\pool\plugins\org.eclipse.justj.openjdk.hotspot.jre.full.win32.x86_64_17.0.6.v20230204-1729\jre\bin\net.dll
Event: 0.661 Loaded shared library C:\Users\david\.p2\pool\plugins\org.eclipse.justj.openjdk.hotspot.jre.full.win32.x86_64_17.0.6.v20230204-1729\jre\bin\nio.dll
Event: 4.266 Loaded shared library C:\Users\david\.p2\pool\plugins\org.eclipse.justj.openjdk.hotspot.jre.full.win32.x86_64_17.0.6.v20230204-1729\jre\bin\zip.dll

Deoptimization events (20 events):
Event: 111.978 Thread 0x00000292ff6335b0 DEOPT PACKING pc=0x0000029287b7a02c sp=0x000000be064fc980
Event: 111.978 Thread 0x00000292ff6335b0 DEOPT UNPACKING pc=0x000002928758a1a3 sp=0x000000be064fc908 mode 2
Event: 118.550 Thread 0x00000292ff6335b0 Uncommon trap: trap_request=0xffffff45 fr.pc=0x0000029287b250d8 relative=0x00000000000000d8
Event: 118.550 Thread 0x00000292ff6335b0 Uncommon trap: reason=unstable_if action=reinterpret pc=0x0000029287b250d8 method=java.lang.ref.SoftReference.get()Ljava/lang/Object; @ 17 c2
Event: 118.550 Thread 0x00000292ff6335b0 DEOPT PACKING pc=0x0000029287b250d8 sp=0x000000be064fb2c0
Event: 118.550 Thread 0x00000292ff6335b0 DEOPT UNPACKING pc=0x000002928758a1a3 sp=0x000000be064fb270 mode 2
Event: 118.551 Thread 0x00000292ff6335b0 Uncommon trap: trap_request=0xffffff45 fr.pc=0x0000029287b7fc78 relative=0x0000000000000c18
Event: 118.551 Thread 0x00000292ff6335b0 Uncommon trap: reason=unstable_if action=reinterpret pc=0x0000029287b7fc78 method=java.lang.ref.SoftReference.get()Ljava/lang/Object; @ 17 c2
Event: 118.551 Thread 0x00000292ff6335b0 DEOPT PACKING pc=0x0000029287b7fc78 sp=0x000000be064fbd10
Event: 118.551 Thread 0x00000292ff6335b0 DEOPT UNPACKING pc=0x000002928758a1a3 sp=0x000000be064fbc40 mode 2
Event: 120.822 Thread 0x00000292ff6335b0 Uncommon trap: trap_request=0xffffff45 fr.pc=0x0000029287b42054 relative=0x0000000000000fd4
Event: 120.822 Thread 0x00000292ff6335b0 Uncommon trap: reason=unstable_if action=reinterpret pc=0x0000029287b42054 method=java.lang.ref.SoftReference.get()Ljava/lang/Object; @ 17 c2
Event: 120.822 Thread 0x00000292ff6335b0 DEOPT PACKING pc=0x0000029287b42054 sp=0x000000be064fdd80
Event: 120.822 Thread 0x00000292ff6335b0 DEOPT UNPACKING pc=0x000002928758a1a3 sp=0x000000be064fdb88 mode 2
Event: 125.074 Thread 0x00000292ff6335b0 DEOPT PACKING pc=0x000002928021a382 sp=0x000000be064feb60
Event: 125.074 Thread 0x00000292ff6335b0 DEOPT UNPACKING pc=0x000002928758ace3 sp=0x000000be064fdff8 mode 0
Event: 128.110 Thread 0x00000292ff6335b0 Uncommon trap: trap_request=0xffffff45 fr.pc=0x0000029287b6cd24 relative=0x0000000000002364
Event: 128.110 Thread 0x00000292ff6335b0 Uncommon trap: reason=unstable_if action=reinterpret pc=0x0000029287b6cd24 method=java.awt.EventQueue.postEvent(Ljava/awt/AWTEvent;I)V @ 6 c2
Event: 128.110 Thread 0x00000292ff6335b0 DEOPT PACKING pc=0x0000029287b6cd24 sp=0x000000be064fef90
Event: 128.110 Thread 0x00000292ff6335b0 DEOPT UNPACKING pc=0x000002928758a1a3 sp=0x000000be064fee48 mode 2

Classes unloaded (0 events):
No events

Classes redefined (0 events):
No events

Internal exceptions (14 events):
Event: 0.197 Thread 0x00000292f38e7f60 Exception <a 'java/lang/ClassNotFoundException'{0x000000008ba44748}: sun/awt/resources/spi/awtProvider> (0x000000008ba44748) 
thrown [s\src\hotspot\share\classfile\systemDictionary.cpp, line 256]
Event: 0.241 Thread 0x00000292f38e7f60 Exception <a 'java/io/FileNotFoundException'{0x000000008ba9f4b8}> (0x000000008ba9f4b8) 
thrown [s\src\hotspot\share\prims\jni.cpp, line 516]
Event: 0.250 Thread 0x00000292f38e7f60 Exception <a 'java/io/FileNotFoundException'{0x000000008bacc470}> (0x000000008bacc470) 
thrown [s\src\hotspot\share\prims\jni.cpp, line 516]
Event: 0.314 Thread 0x00000292f38e7f60 Exception <a 'java/lang/NoSuchMethodError'{0x000000008b91e0c0}: 'java.lang.Object java.lang.invoke.DirectMethodHandle$Holder.invokeStaticInit(java.lang.Object)'> (0x000000008b91e0c0) 
thrown [s\src\hotspot\share\interpreter\linkResolver.cpp, line 759]
Event: 0.401 Thread 0x00000292f38e7f60 Exception <a 'java/lang/NoSuchMethodError'{0x000000008b9680d8}: 'void java.lang.invoke.DirectMethodHandle$Holder.invokeSpecial(java.lang.Object, java.lang.Object, java.lang.Object)'> (0x000000008b9680d8) 
thrown [s\src\hotspot\share\interpreter\linkResolver.cpp, line 759]
Event: 0.409 Thread 0x00000292f38e7f60 Exception <a 'java/lang/NoSuchMethodError'{0x000000008b808618}: 'java.lang.Object java.lang.invoke.DirectMethodHandle$Holder.newInvokeSpecial(java.lang.Object, java.lang.Object, java.lang.Object, java.lang.Object, java.lang.Object)'> (0x000000008b808618) 
thrown [s\src\hotspot\share\interpreter\linkResolver.cpp, line 759]
Event: 0.411 Thread 0x00000292f38e7f60 Exception <a 'java/lang/NoSuchMethodError'{0x000000008b813fe0}: 'java.lang.Object java.lang.invoke.DirectMethodHandle$Holder.invokeStatic(java.lang.Object, int, java.lang.Object, java.lang.Object, java.lang.Object, java.lang.Object)'> (0x000000008b813fe0) 
thrown [s\src\hotspot\share\interpreter\linkResolver.cpp, line 759]
Event: 0.415 Thread 0x00000292f38e7f60 Exception <a 'java/lang/NoSuchMethodError'{0x000000008b8397a0}: 'java.lang.Object java.lang.invoke.DirectMethodHandle$Holder.invokeStatic(java.lang.Object, int, java.lang.Object)'> (0x000000008b8397a0) 
thrown [s\src\hotspot\share\interpreter\linkResolver.cpp, line 759]
Event: 0.454 Thread 0x00000292f38e7f60 Exception <a 'java/lang/ClassNotFoundException'{0x000000008b8f1320}: com/sun/swing/internal/plaf/metal/resources/spi/metalProvider> (0x000000008b8f1320) 
thrown [s\src\hotspot\share\classfile\systemDictionary.cpp, line 256]
Event: 0.455 Thread 0x00000292f38e7f60 Exception <a 'java/lang/ClassNotFoundException'{0x000000008b8f5cd8}: com/sun/swing/internal/plaf/basic/resources/spi/basicProvider> (0x000000008b8f5cd8) 
thrown [s\src\hotspot\share\classfile\systemDictionary.cpp, line 256]
Event: 0.490 Thread 0x00000292ff5eef10 Exception <a 'java/lang/NoSuchMethodError'{0x000000008b9863c8}: 'void java.lang.invoke.DirectMethodHandle$Holder.invokeVirtual(java.lang.Object, java.lang.Object)'> (0x000000008b9863c8) 
thrown [s\src\hotspot\share\interpreter\linkResolver.cpp, line 759]
Event: 0.512 Thread 0x00000292f38e7f60 Exception <a 'java/lang/NoSuchMethodError'{0x000000008b7f9ed8}: 'void java.lang.invoke.DirectMethodHandle$Holder.invokeStaticInit(java.lang.Object)'> (0x000000008b7f9ed8) 
thrown [s\src\hotspot\share\interpreter\linkResolver.cpp, line 759]
Event: 4.275 Thread 0x00000292ff7898b0 Exception <a 'java/lang/NoSuchMethodError'{0x000000008b40ccf8}: 'java.lang.Object java.lang.invoke.DirectMethodHandle$Holder.newInvokeSpecial(java.lang.Object, java.lang.Object, java.lang.Object, int, int, int, int, int)'> (0x000000008b40ccf8) 
thrown [s\src\hotspot\share\interpreter\linkResolver.cpp, line 759]
Event: 4.422 Thread 0x00000292ff6335b0 Exception <a 'java/lang/NoSuchMethodError'{0x000000008b4bc518}: 'int java.lang.invoke.DirectMethodHandle$Holder.invokeStatic(java.lang.Object)'> (0x000000008b4bc518) 
thrown [s\src\hotspot\share\interpreter\linkResolver.cpp, line 759]

VM Operations (20 events):
Event: 126.636 Executing VM operation: Cleanup done
Event: 127.643 Executing VM operation: Cleanup
Event: 127.643 Executing VM operation: Cleanup done
Event: 128.374 Executing VM operation: G1TryInitiateConcMark
Event: 128.377 Executing VM operation: G1TryInitiateConcMark done
Event: 128.379 Executing VM operation: G1Concurrent
Event: 128.380 Executing VM operation: G1Concurrent done
Event: 128.381 Executing VM operation: G1Concurrent
Event: 128.382 Executing VM operation: G1Concurrent done
Event: 128.392 Executing VM operation: G1TryInitiateConcMark
Event: 128.393 Executing VM operation: G1TryInitiateConcMark done
Event: 128.607 Executing VM operation: G1TryInitiateConcMark
Event: 128.608 Executing VM operation: G1TryInitiateConcMark done
Event: 128.615 Executing VM operation: G1TryInitiateConcMark
Event: 128.616 Executing VM operation: G1TryInitiateConcMark done
Event: 128.950 Executing VM operation: G1TryInitiateConcMark
Event: 128.950 Executing VM operation: G1TryInitiateConcMark done
Event: 128.977 Executing VM operation: G1TryInitiateConcMark
Event: 128.978 Executing VM operation: G1TryInitiateConcMark done
Event: 129.453 Executing VM operation: G1TryInitiateConcMark

Events (20 events):
Event: 7.305 loading class java/lang/InterruptedException done
Event: 7.305 loading class java/lang/Throwable$WrappedPrintStream
Event: 7.305 loading class java/lang/Throwable$PrintStreamOrWriter
Event: 7.305 loading class java/lang/Throwable$PrintStreamOrWriter done
Event: 7.305 loading class java/lang/Throwable$WrappedPrintStream done
Event: 7.306 loading class java/lang/StackTraceElement$HashedModules
Event: 7.306 loading class java/lang/StackTraceElement$HashedModules done
Event: 7.306 loading class java/util/Collections$UnmodifiableCollection$1
Event: 7.306 loading class java/util/Collections$UnmodifiableCollection$1 done
Event: 9.290 Thread 0x00000292ff7898b0 Thread exited: 0x00000292ff7898b0
Event: 78.491 Thread 0x00000292ff227a90 Thread added: 0x00000292ff227a90
Event: 78.651 Thread 0x00000292ff227a90 Thread exited: 0x00000292ff227a90
Event: 79.821 Thread 0x00000292ff91c900 Thread added: 0x00000292ff91c900
Event: 80.579 Thread 0x00000292ff91c900 Thread exited: 0x00000292ff91c900
Event: 127.138 loading class java/security/DomainCombiner
Event: 127.138 loading class java/security/DomainCombiner done
Event: 128.074 loading class sun/awt/windows/WComponentPeer$1
Event: 128.075 loading class sun/awt/windows/WComponentPeer$1 done
Event: 128.084 loading class sun/java2d/opengl/OGLSurfaceData
Event: 128.085 loading class sun/java2d/opengl/OGLSurfaceData done


Dynamic libraries:
0x00007ff62b190000 - 0x00007ff62b19e000 	C:\Users\david\.p2\pool\plugins\org.eclipse.justj.openjdk.hotspot.jre.full.win32.x86_64_17.0.6.v20230204-1729\jre\bin\javaw.exe
0x00007ff813cf0000 - 0x00007ff813f04000 	C:\WINDOWS\SYSTEM32\ntdll.dll
0x00007ff813330000 - 0x00007ff8133f2000 	C:\WINDOWS\System32\KERNEL32.DLL
0x00007ff811410000 - 0x00007ff8117b3000 	C:\WINDOWS\System32\KERNELBASE.dll
0x00007ff8112f0000 - 0x00007ff811401000 	C:\WINDOWS\System32\ucrtbase.dll
0x00007ff8080d0000 - 0x00007ff8080e7000 	C:\Users\david\.p2\pool\plugins\org.eclipse.justj.openjdk.hotspot.jre.full.win32.x86_64_17.0.6.v20230204-1729\jre\bin\jli.dll
0x00007ff808100000 - 0x00007ff808119000 	C:\Users\david\.p2\pool\plugins\org.eclipse.justj.openjdk.hotspot.jre.full.win32.x86_64_17.0.6.v20230204-1729\jre\bin\VCRUNTIME140.dll
0x00007ff813180000 - 0x00007ff81332b000 	C:\WINDOWS\System32\USER32.dll
0x00007ff811860000 - 0x00007ff811886000 	C:\WINDOWS\System32\win32u.dll
0x00007ffff9510000 - 0x00007ffff979e000 	C:\WINDOWS\WinSxS\amd64_microsoft.windows.common-controls_6595b64144ccf1df_6.0.22621.1635_none_270f70857386168e\COMCTL32.dll
0x00007ff811bf0000 - 0x00007ff811c19000 	C:\WINDOWS\System32\GDI32.dll
0x00007ff813c00000 - 0x00007ff813ca7000 	C:\WINDOWS\System32\msvcrt.dll
0x00007ff811950000 - 0x00007ff811a68000 	C:\WINDOWS\System32\gdi32full.dll
0x00007ff8117c0000 - 0x00007ff81185a000 	C:\WINDOWS\System32\msvcp_win.dll
0x00007ff8121a0000 - 0x00007ff8121d1000 	C:\WINDOWS\System32\IMM32.DLL
0x00007ff80b2f0000 - 0x00007ff80b2fc000 	C:\Users\david\.p2\pool\plugins\org.eclipse.justj.openjdk.hotspot.jre.full.win32.x86_64_17.0.6.v20230204-1729\jre\bin\vcruntime140_1.dll
0x00007fffe3d00000 - 0x00007fffe3d91000 	C:\Users\david\.p2\pool\plugins\org.eclipse.justj.openjdk.hotspot.jre.full.win32.x86_64_17.0.6.v20230204-1729\jre\bin\msvcp140.dll
0x00007fffa8cc0000 - 0x00007fffa9907000 	C:\Users\david\.p2\pool\plugins\org.eclipse.justj.openjdk.hotspot.jre.full.win32.x86_64_17.0.6.v20230204-1729\jre\bin\server\jvm.dll
0x00007ff8120f0000 - 0x00007ff81219e000 	C:\WINDOWS\System32\ADVAPI32.dll
0x00007ff812c40000 - 0x00007ff812ce4000 	C:\WINDOWS\System32\sechost.dll
0x00007ff812320000 - 0x00007ff812437000 	C:\WINDOWS\System32\RPCRT4.dll
0x00007ff80b300000 - 0x00007ff80b309000 	C:\WINDOWS\SYSTEM32\WSOCK32.dll
0x00007ff809ed0000 - 0x00007ff809eda000 	C:\WINDOWS\SYSTEM32\VERSION.dll
0x00007ff807e20000 - 0x00007ff807e54000 	C:\WINDOWS\SYSTEM32\WINMM.dll
0x00007ff813840000 - 0x00007ff8138b1000 	C:\WINDOWS\System32\WS2_32.dll
0x00007ff8101c0000 - 0x00007ff8101d8000 	C:\WINDOWS\SYSTEM32\kernel.appcore.dll
0x00007ff80a880000 - 0x00007ff80a88a000 	C:\Users\david\.p2\pool\plugins\org.eclipse.justj.openjdk.hotspot.jre.full.win32.x86_64_17.0.6.v20230204-1729\jre\bin\jimage.dll
0x00007ff80e540000 - 0x00007ff80e76e000 	C:\WINDOWS\SYSTEM32\DBGHELP.DLL
0x00007ff813420000 - 0x00007ff8137a9000 	C:\WINDOWS\System32\combase.dll
0x00007ff812240000 - 0x00007ff812317000 	C:\WINDOWS\System32\OLEAUT32.dll
0x00007ffff4b40000 - 0x00007ffff4b72000 	C:\WINDOWS\SYSTEM32\dbgcore.DLL
0x00007ff811a70000 - 0x00007ff811aeb000 	C:\WINDOWS\System32\bcryptPrimitives.dll
0x00007fffe47b0000 - 0x00007fffe47d5000 	C:\Users\david\.p2\pool\plugins\org.eclipse.justj.openjdk.hotspot.jre.full.win32.x86_64_17.0.6.v20230204-1729\jre\bin\java.dll
0x00007fffdf490000 - 0x00007fffdf4a8000 	C:\Users\david\.p2\pool\plugins\org.eclipse.justj.openjdk.hotspot.jre.full.win32.x86_64_17.0.6.v20230204-1729\jre\bin\zip.dll
0x00007ff812440000 - 0x00007ff812c3a000 	C:\WINDOWS\System32\SHELL32.dll
0x00007ff80f110000 - 0x00007ff80f9de000 	C:\WINDOWS\SYSTEM32\windows.storage.dll
0x00007ff80efd0000 - 0x00007ff80f10e000 	C:\WINDOWS\SYSTEM32\wintypes.dll
0x00007ff811af0000 - 0x00007ff811be1000 	C:\WINDOWS\System32\SHCORE.dll
0x00007ff8121e0000 - 0x00007ff81223e000 	C:\WINDOWS\System32\shlwapi.dll
0x00007ff811040000 - 0x00007ff811061000 	C:\WINDOWS\SYSTEM32\profapi.dll
0x00007fffe3460000 - 0x00007fffe35ee000 	C:\Users\david\.p2\pool\plugins\org.eclipse.justj.openjdk.hotspot.jre.full.win32.x86_64_17.0.6.v20230204-1729\jre\bin\awt.dll
0x00007ff80d6b0000 - 0x00007ff80d747000 	C:\WINDOWS\SYSTEM32\apphelp.dll
0x00007ff80e320000 - 0x00007ff80e34b000 	C:\WINDOWS\system32\DWMAPI.DLL
0x00007ff80d880000 - 0x00007ff80d92b000 	C:\WINDOWS\system32\uxtheme.dll
0x00007fffe3670000 - 0x00007fffe3770000 	C:\WINDOWS\system32\opengl32.dll
0x00007ffff61d0000 - 0x00007ffff61fd000 	C:\WINDOWS\SYSTEM32\GLU32.dll
0x00007ff80e220000 - 0x00007ff80e256000 	C:\WINDOWS\SYSTEM32\dxcore.dll
0x00007ff812cf0000 - 0x00007ff812e0e000 	C:\WINDOWS\System32\MSCTF.dll
0x00007ff812ec0000 - 0x00007ff81305c000 	C:\WINDOWS\System32\ole32.dll
0x00007fffe3c70000 - 0x00007fffe3cf6000 	C:\Users\david\.p2\pool\plugins\org.eclipse.justj.openjdk.hotspot.jre.full.win32.x86_64_17.0.6.v20230204-1729\jre\bin\freetype.dll
0x00007fffe3390000 - 0x00007fffe3455000 	C:\Users\david\.p2\pool\plugins\org.eclipse.justj.openjdk.hotspot.jre.full.win32.x86_64_17.0.6.v20230204-1729\jre\bin\fontmanager.dll
0x00007ff808890000 - 0x00007ff8089bd000 	C:\WINDOWS\SYSTEM32\textinputframework.dll
0x00007ffff94a0000 - 0x00007ffff9509000 	C:\WINDOWS\system32\Oleacc.dll
0x00007fffdf470000 - 0x00007fffdf489000 	C:\Users\david\.p2\pool\plugins\org.eclipse.justj.openjdk.hotspot.jre.full.win32.x86_64_17.0.6.v20230204-1729\jre\bin\net.dll
0x00007ff808c00000 - 0x00007ff808d37000 	C:\WINDOWS\SYSTEM32\WINHTTP.dll
0x00007ff8106c0000 - 0x00007ff810729000 	C:\WINDOWS\system32\mswsock.dll
0x00007fffdf450000 - 0x00007fffdf465000 	C:\Users\david\.p2\pool\plugins\org.eclipse.justj.openjdk.hotspot.jre.full.win32.x86_64_17.0.6.v20230204-1729\jre\bin\nio.dll
0x00007ff80d3b0000 - 0x00007ff80d4e3000 	C:\WINDOWS\SYSTEM32\CoreMessaging.dll
0x00007ff809800000 - 0x00007ff809b6c000 	C:\WINDOWS\SYSTEM32\CoreUIComponents.dll
0x00007ff810940000 - 0x00007ff81094c000 	C:\WINDOWS\SYSTEM32\CRYPTBASE.DLL
0x00007ff812e10000 - 0x00007ff812ec0000 	C:\WINDOWS\System32\clbcatq.dll
0x00007ff80c7b0000 - 0x00007ff80c960000 	C:\WINDOWS\SYSTEM32\WindowsCodecs.dll
0x00007ffff7b70000 - 0x00007ffff7bce000 	C:\WINDOWS\system32\dataexchange.dll
0x00007ff8074c0000 - 0x00007ff807737000 	C:\WINDOWS\system32\twinapi.appcore.dll

dbghelp: loaded successfully - version: 4.0.5 - missing functions: none
symbol engine: initialized successfully - sym options: 0x614 - pdb path: .;C:\Users\david\.p2\pool\plugins\org.eclipse.justj.openjdk.hotspot.jre.full.win32.x86_64_17.0.6.v20230204-1729\jre\bin;C:\WINDOWS\SYSTEM32;C:\WINDOWS\WinSxS\amd64_microsoft.windows.common-controls_6595b64144ccf1df_6.0.22621.1635_none_270f70857386168e;C:\Users\david\.p2\pool\plugins\org.eclipse.justj.openjdk.hotspot.jre.full.win32.x86_64_17.0.6.v20230204-1729\jre\bin\server

VM Arguments:
jvm_args: -Dfile.encoding=UTF-8 -XX:+ShowCodeDetailsInExceptionMessages 
java_command: View.TelaPrincipal
java_class_path (initial): F:\FATEC\Programas\Java\FilaEnfermaria\Enfermagem\bin
Launcher Type: SUN_STANDARD

[Global flags]
     intx CICompilerCount                          = 4                                         {product} {ergonomic}
     uint ConcGCThreads                            = 2                                         {product} {ergonomic}
     uint G1ConcRefinementThreads                  = 8                                         {product} {ergonomic}
   size_t G1HeapRegionSize                         = 1048576                                   {product} {ergonomic}
    uintx GCDrainStackTargetSize                   = 64                                        {product} {ergonomic}
   size_t InitialHeapSize                          = 130023424                                 {product} {ergonomic}
   size_t MarkStackSize                            = 4194304                                   {product} {ergonomic}
   size_t MaxHeapSize                              = 2080374784                                {product} {ergonomic}
   size_t MaxNewSize                               = 1247805440                                {product} {ergonomic}
   size_t MinHeapDeltaBytes                        = 1048576                                   {product} {ergonomic}
   size_t MinHeapSize                              = 8388608                                   {product} {ergonomic}
    uintx NonNMethodCodeHeapSize                   = 5839372                                {pd product} {ergonomic}
    uintx NonProfiledCodeHeapSize                  = 122909434                              {pd product} {ergonomic}
    uintx ProfiledCodeHeapSize                     = 122909434                              {pd product} {ergonomic}
    uintx ReservedCodeCacheSize                    = 251658240                              {pd product} {ergonomic}
     bool SegmentedCodeCache                       = true                                      {product} {ergonomic}
     bool ShowCodeDetailsInExceptionMessages       = true                                   {manageable} {command line}
   size_t SoftMaxHeapSize                          = 2080374784                             {manageable} {ergonomic}
     bool UseCompressedClassPointers               = true                           {product lp64_product} {ergonomic}
     bool UseCompressedOops                        = true                           {product lp64_product} {ergonomic}
     bool UseG1GC                                  = true                                      {product} {ergonomic}
     bool UseLargePagesIndividualAllocation        = false                                  {pd product} {ergonomic}

Logging:
Log output configuration:
 #0: stdout all=warning uptime,level,tags
 #1: stderr all=off uptime,level,tags

Environment Variables:
PATH=C:/Users/david/.p2/pool/plugins/org.eclipse.justj.openjdk.hotspot.jre.full.win32.x86_64_17.0.6.v20230204-1729/jre/bin/server;C:/Users/david/.p2/pool/plugins/org.eclipse.justj.openjdk.hotspot.jre.full.win32.x86_64_17.0.6.v20230204-1729/jre/bin;C:\Program Files\Common Files\Oracle\Java\javapath;C:\Program Files\Microsoft\jdk-11.0.16.101-hotspot\bin;C:\ProgramData\Oracle\Java\javapath;C:\Windows\system32;C:\Windows;C:\Windows\System32\Wbem;C:\Windows\System32\WindowsPowerShell\v1.0\;C:\Windows\System32\OpenSSH\;C:\Program Files (x86)\NVIDIA Corporation\PhysX\Common;C:\WINDOWS\system32;C:\WINDOWS;C:\WINDOWS\System32\Wbem;C:\WINDOWS\System32\WindowsPowerShell\v1.0\;C:\WINDOWS\System32\OpenSSH\;C:\Program Files\dotnet\;C:\Program Files\Git\cmd;C:\Program Files\nodejs\;C:\Users\david\AppData\Local\Microsoft\WindowsApps;C:\Users\david\AppData\Local\Programs\Microsoft VS Code\bin;C:\Users\david\.dotnet\tools;C:\Users\david\AppData\Local\GitHubDesktop\bin;C:\Users\david\AppData\Roaming\npm;C:\WINDOWS\System32;
USERNAME=david
OS=Windows_NT
PROCESSOR_IDENTIFIER=Intel64 Family 6 Model 126 Stepping 5, GenuineIntel
TMP=C:\Users\david\AppData\Local\Temp
TEMP=C:\Users\david\AppData\Local\Temp



---------------  S Y S T E M  ---------------

OS:
 Windows 11 , 64 bit Build 22621 (10.0.22621.1635)
OS uptime: 22 days 1:45 hours

CPU: total 8 (initial active 8) (4 cores per cpu, 2 threads per core) family 6 model 126 stepping 5 microcode 0xa0, cx8, cmov, fxsr, ht, mmx, 3dnowpref, sse, sse2, sse3, ssse3, sse4.1, sse4.2, popcnt, lzcnt, tsc, tscinvbit, avx, avx2, aes, erms, clmul, bmi1, bmi2, adx, avx512f, avx512dq, avx512cd, avx512bw, avx512vl, sha, fma, vzeroupper, avx512_vpopcntdq, avx512_vpclmulqdq, avx512_vaes, avx512_vnni, clflush, clflushopt, avx512_vbmi2, avx512_vbmi

Memory: 4k page, system-wide physical 7930M (1037M free)
TotalPageFile size 32506M (AvailPageFile size 60M)
current process WorkingSet (physical memory assigned to process): 159M, peak: 159M
current process commit charge ("private bytes"): 234M, peak: 304M

vm_info: OpenJDK 64-Bit Server VM (17.0.6+10) for windows-amd64 JRE (17.0.6+10), built on Jan 18 2023 10:08:59 by "temurin" with MS VC++ 16.7 (VS2019)

END.
