#
# There is insufficient memory for the Java Runtime Environment to continue.
# Native memory allocation (malloc) failed to allocate 32744 bytes for ChunkPool::allocate
# Possible reasons:
#   The system is out of physical RAM or swap space
#   The process is running with CompressedOops enabled, and the Java Heap may be blocking the growth of the native heap
# Possible solutions:
#   Reduce memory load on the system
#   Increase physical memory or swap space
#   Check if swap backing store is full
#   Decrease Java heap size (-Xmx/-Xms)
#   Decrease number of Java threads
#   Decrease Java thread stack sizes (-Xss)
#   Set larger code cache with -XX:ReservedCodeCacheSize=
#   JVM is running with Unscaled Compressed Oops mode in which the Java heap is
#     placed in the first 4GB address space. The Java Heap base address is the
#     maximum limit for the native heap growth. Please use -XX:HeapBaseMinAddress
#     to set the Java Heap base and to place the Java Heap above 4GB virtual address.
# This output file may be truncated or incomplete.
#
#  Out of Memory Error (arena.cpp:78), pid=28420, tid=28908
#
# JRE version: OpenJDK Runtime Environment Temurin-17.0.6+10 (17.0.6+10) (build 17.0.6+10)
# Java VM: OpenJDK 64-Bit Server VM Temurin-17.0.6+10 (17.0.6+10, mixed mode, tiered, compressed oops, compressed class ptrs, g1 gc, windows-amd64)
# No core dump will be written. Minidumps are not enabled by default on client versions of Windows
#

---------------  S U M M A R Y ------------

Command Line: -Dfile.encoding=UTF-8 -XX:+ShowCodeDetailsInExceptionMessages View.TelaPrincipal

Host: Intel(R) Core(TM) i5-1035G1 CPU @ 1.00GHz, 8 cores, 7G,  Windows 11 , 64 bit Build 22621 (10.0.22621.1635)
Time: Sat Jun 10 16:58:46 2023 Hora oficial do Brasil elapsed time: 20.312263 seconds (0d 0h 0m 20s)

---------------  T H R E A D  ---------------

Current thread (0x000002c31186d790):  JavaThread "C1 CompilerThread0" daemon [_thread_in_native, id=28908, stack(0x000000d9c1500000,0x000000d9c1600000)]


Current CompileTask:
C1:  20312 1546   !   3       javax.swing.JComponent::paintChildren (691 bytes)

Stack: [0x000000d9c1500000,0x000000d9c1600000]
Native frames: (J=compiled Java code, j=interpreted, Vv=VM code, C=native code)
V  [jvm.dll+0x67741a]
V  [jvm.dll+0x834434]
V  [jvm.dll+0x835bde]
V  [jvm.dll+0x836243]
V  [jvm.dll+0x2457b5]
V  [jvm.dll+0xabd1c]
V  [jvm.dll+0xac0cc]
V  [jvm.dll+0x177f9f]
V  [jvm.dll+0x17a601]
V  [jvm.dll+0x134d93]
V  [jvm.dll+0x13468f]
V  [jvm.dll+0x1348c6]
V  [jvm.dll+0x133d5a]
V  [jvm.dll+0x135a21]
V  [jvm.dll+0x22742a]
V  [jvm.dll+0x225565]
V  [jvm.dll+0x7ea2cb]
V  [jvm.dll+0x7e483a]
V  [jvm.dll+0x6762c5]
C  [ucrtbase.dll+0x29363]
C  [KERNEL32.DLL+0x126ad]
C  [ntdll.dll+0x5a9f8]


---------------  P R O C E S S  ---------------

Threads class SMR info:
_java_thread_list=0x000002c312500c50, length=17, elements={
0x000002c311813020, 0x000002c3118139d0, 0x000002c37ff72c20, 0x000002c37ff734e0,
0x000002c37ff73e90, 0x000002c37ff74840, 0x000002c311833410, 0x000002c31186d790,
0x000002c31183b620, 0x000002c3119c9dd0, 0x000002c3119dcf90, 0x000002c311f50340,
0x000002c311f50810, 0x000002c311f26790, 0x000002c311fd1eb0, 0x000002c377166db0,
0x000002c311bfd800
}

Java Threads: ( => current thread )
  0x000002c311813020 JavaThread "Reference Handler" daemon [_thread_blocked, id=29128, stack(0x000000d9c0e00000,0x000000d9c0f00000)]
  0x000002c3118139d0 JavaThread "Finalizer" daemon [_thread_blocked, id=24292, stack(0x000000d9c0f00000,0x000000d9c1000000)]
  0x000002c37ff72c20 JavaThread "Signal Dispatcher" daemon [_thread_blocked, id=13972, stack(0x000000d9c1000000,0x000000d9c1100000)]
  0x000002c37ff734e0 JavaThread "Attach Listener" daemon [_thread_blocked, id=27848, stack(0x000000d9c1100000,0x000000d9c1200000)]
  0x000002c37ff73e90 JavaThread "Service Thread" daemon [_thread_blocked, id=8396, stack(0x000000d9c1200000,0x000000d9c1300000)]
  0x000002c37ff74840 JavaThread "Monitor Deflation Thread" daemon [_thread_blocked, id=28512, stack(0x000000d9c1300000,0x000000d9c1400000)]
  0x000002c311833410 JavaThread "C2 CompilerThread0" daemon [_thread_blocked, id=27632, stack(0x000000d9c1400000,0x000000d9c1500000)]
=>0x000002c31186d790 JavaThread "C1 CompilerThread0" daemon [_thread_in_native, id=28908, stack(0x000000d9c1500000,0x000000d9c1600000)]
  0x000002c31183b620 JavaThread "Sweeper thread" daemon [_thread_blocked, id=29360, stack(0x000000d9c1600000,0x000000d9c1700000)]
  0x000002c3119c9dd0 JavaThread "Notification Thread" daemon [_thread_blocked, id=18636, stack(0x000000d9c1700000,0x000000d9c1800000)]
  0x000002c3119dcf90 JavaThread "Common-Cleaner" daemon [_thread_blocked, id=29316, stack(0x000000d9c1900000,0x000000d9c1a00000)]
  0x000002c311f50340 JavaThread "Java2D Disposer" daemon [_thread_blocked, id=28064, stack(0x000000d9c1a00000,0x000000d9c1b00000)]
  0x000002c311f50810 JavaThread "AWT-Shutdown" [_thread_blocked, id=26336, stack(0x000000d9c1b00000,0x000000d9c1c00000)]
  0x000002c311f26790 JavaThread "AWT-Windows" daemon [_thread_in_native, id=26256, stack(0x000000d9c1c00000,0x000000d9c1d00000)]
  0x000002c311fd1eb0 JavaThread "AWT-EventQueue-0" [_thread_in_native, id=29020, stack(0x000000d9c1d00000,0x000000d9c1e00000)]
  0x000002c377166db0 JavaThread "DestroyJavaVM" [_thread_blocked, id=24696, stack(0x000000d9c0700000,0x000000d9c0800000)]
  0x000002c311bfd800 JavaThread "TimerQueue" daemon [_thread_blocked, id=23732, stack(0x000000d9c1f00000,0x000000d9c2000000)]

Other Threads:
  0x000002c37ff5c930 VMThread "VM Thread" [stack: 0x000000d9c0d00000,0x000000d9c0e00000] [id=2652]
  0x000002c3771dc6b0 WatcherThread [stack: 0x000000d9c1800000,0x000000d9c1900000] [id=28440]
  0x000002c3771c2aa0 GCTaskThread "GC Thread#0" [stack: 0x000000d9c0800000,0x000000d9c0900000] [id=26824]
  0x000002c3771d41f0 ConcurrentGCThread "G1 Main Marker" [stack: 0x000000d9c0900000,0x000000d9c0a00000] [id=27784]
  0x000002c3771d5500 ConcurrentGCThread "G1 Conc#0" [stack: 0x000000d9c0a00000,0x000000d9c0b00000] [id=276]
  0x000002c37fdb20c0 ConcurrentGCThread "G1 Refine#0" [stack: 0x000000d9c0b00000,0x000000d9c0c00000] [id=28560]
  0x000002c37fdb2980 ConcurrentGCThread "G1 Service" [stack: 0x000000d9c0c00000,0x000000d9c0d00000] [id=27624]

Threads with active compile tasks:
C1 CompilerThread0    20327 1546   !   3       javax.swing.JComponent::paintChildren (691 bytes)

VM state: not at safepoint (normal execution)

VM Mutex/Monitor currently owned by a thread: None

Heap address: 0x0000000084000000, size: 1984 MB, Compressed Oops mode: 32-bit

CDS archive(s) not mapped
Compressed class space mapped at: 0x0000000100000000-0x0000000140000000, reserved size: 1073741824
Narrow klass base: 0x0000000000000000, Narrow klass shift: 3, Narrow klass range: 0x140000000

GC Precious Log:
 CPUs: 8 total, 8 available
 Memory: 7930M
 Large Page Support: Disabled
 NUMA Support: Disabled
 Compressed Oops: Enabled (32-bit)
 Heap Region Size: 1M
 Heap Min Capacity: 8M
 Heap Initial Capacity: 124M
 Heap Max Capacity: 1984M
 Pre-touch: Disabled
 Parallel Workers: 8
 Concurrent Workers: 2
 Concurrent Refinement Workers: 8
 Periodic GC: Disabled

Heap:
 garbage-first heap   total 126976K, used 37888K [0x0000000084000000, 0x0000000100000000)
  region size 1024K, 13 young (13312K), 0 survivors (0K)
 Metaspace       used 15386K, committed 15616K, reserved 1064960K
  class space    used 1561K, committed 1664K, reserved 1048576K

Heap Regions: E=young(eden), S=young(survivor), O=old, HS=humongous(starts), HC=humongous(continues), CS=collection set, F=free, OA=open archive, CA=closed archive, TAMS=top-at-mark-start (previous, next)
|   0|0x0000000084000000, 0x0000000084100000, 0x0000000084100000|100%|HS|  |TAMS 0x0000000084000000, 0x0000000084000000| Complete 
|   1|0x0000000084100000, 0x0000000084200000, 0x0000000084200000|100%|HS|  |TAMS 0x0000000084100000, 0x0000000084100000| Complete 
|   2|0x0000000084200000, 0x0000000084300000, 0x0000000084300000|100%|HS|  |TAMS 0x0000000084200000, 0x0000000084200000| Complete 
|   3|0x0000000084300000, 0x0000000084400000, 0x0000000084400000|100%|HS|  |TAMS 0x0000000084300000, 0x0000000084300000| Complete 
|   4|0x0000000084400000, 0x0000000084500000, 0x0000000084500000|100%|HC|  |TAMS 0x0000000084400000, 0x0000000084400000| Complete 
|   5|0x0000000084500000, 0x0000000084600000, 0x0000000084600000|100%|HS|  |TAMS 0x0000000084500000, 0x0000000084500000| Complete 
|   6|0x0000000084600000, 0x0000000084700000, 0x0000000084700000|100%|HC|  |TAMS 0x0000000084600000, 0x0000000084600000| Complete 
|   7|0x0000000084700000, 0x0000000084800000, 0x0000000084800000|100%|HS|  |TAMS 0x0000000084700000, 0x0000000084700000| Complete 
|   8|0x0000000084800000, 0x0000000084900000, 0x0000000084900000|100%|HC|  |TAMS 0x0000000084800000, 0x0000000084800000| Complete 
|   9|0x0000000084900000, 0x0000000084a00000, 0x0000000084a00000|100%|HS|  |TAMS 0x0000000084900000, 0x0000000084900000| Complete 
|  10|0x0000000084a00000, 0x0000000084b00000, 0x0000000084b00000|100%|HC|  |TAMS 0x0000000084a00000, 0x0000000084a00000| Complete 
|  11|0x0000000084b00000, 0x0000000084c00000, 0x0000000084c00000|100%|HS|  |TAMS 0x0000000084b00000, 0x0000000084b00000| Complete 
|  12|0x0000000084c00000, 0x0000000084d00000, 0x0000000084d00000|100%|HC|  |TAMS 0x0000000084c00000, 0x0000000084c00000| Complete 
|  13|0x0000000084d00000, 0x0000000084e00000, 0x0000000084e00000|100%|HS|  |TAMS 0x0000000084d00000, 0x0000000084d00000| Complete 
|  14|0x0000000084e00000, 0x0000000084f00000, 0x0000000084f00000|100%|HC|  |TAMS 0x0000000084e00000, 0x0000000084e00000| Complete 
|  15|0x0000000084f00000, 0x0000000085000000, 0x0000000085000000|100%|HS|  |TAMS 0x0000000084f00000, 0x0000000084f00000| Complete 
|  16|0x0000000085000000, 0x0000000085100000, 0x0000000085100000|100%|HC|  |TAMS 0x0000000085000000, 0x0000000085000000| Complete 
|  17|0x0000000085100000, 0x0000000085200000, 0x0000000085200000|100%|HS|  |TAMS 0x0000000085100000, 0x0000000085100000| Complete 
|  18|0x0000000085200000, 0x0000000085300000, 0x0000000085300000|100%|HC|  |TAMS 0x0000000085200000, 0x0000000085200000| Complete 
|  19|0x0000000085300000, 0x0000000085400000, 0x0000000085400000|100%|HS|  |TAMS 0x0000000085300000, 0x0000000085300000| Complete 
|  20|0x0000000085400000, 0x0000000085500000, 0x0000000085500000|100%|HC|  |TAMS 0x0000000085400000, 0x0000000085400000| Complete 
|  21|0x0000000085500000, 0x0000000085600000, 0x0000000085600000|100%|HS|  |TAMS 0x0000000085500000, 0x0000000085500000| Complete 
|  22|0x0000000085600000, 0x0000000085700000, 0x0000000085700000|100%|HC|  |TAMS 0x0000000085600000, 0x0000000085600000| Complete 
|  23|0x0000000085700000, 0x0000000085800000, 0x0000000085800000|100%|HS|  |TAMS 0x0000000085700000, 0x0000000085700000| Complete 
|  24|0x0000000085800000, 0x0000000085900000, 0x0000000085900000|100%|HC|  |TAMS 0x0000000085800000, 0x0000000085800000| Complete 
|  25|0x0000000085900000, 0x0000000085900000, 0x0000000085a00000|  0%| F|  |TAMS 0x0000000085900000, 0x0000000085900000| Untracked 
|  26|0x0000000085a00000, 0x0000000085a00000, 0x0000000085b00000|  0%| F|  |TAMS 0x0000000085a00000, 0x0000000085a00000| Untracked 
|  27|0x0000000085b00000, 0x0000000085b00000, 0x0000000085c00000|  0%| F|  |TAMS 0x0000000085b00000, 0x0000000085b00000| Untracked 
|  28|0x0000000085c00000, 0x0000000085c00000, 0x0000000085d00000|  0%| F|  |TAMS 0x0000000085c00000, 0x0000000085c00000| Untracked 
|  29|0x0000000085d00000, 0x0000000085d00000, 0x0000000085e00000|  0%| F|  |TAMS 0x0000000085d00000, 0x0000000085d00000| Untracked 
|  30|0x0000000085e00000, 0x0000000085e00000, 0x0000000085f00000|  0%| F|  |TAMS 0x0000000085e00000, 0x0000000085e00000| Untracked 
|  31|0x0000000085f00000, 0x0000000085f00000, 0x0000000086000000|  0%| F|  |TAMS 0x0000000085f00000, 0x0000000085f00000| Untracked 
|  32|0x0000000086000000, 0x0000000086000000, 0x0000000086100000|  0%| F|  |TAMS 0x0000000086000000, 0x0000000086000000| Untracked 
|  33|0x0000000086100000, 0x0000000086100000, 0x0000000086200000|  0%| F|  |TAMS 0x0000000086100000, 0x0000000086100000| Untracked 
|  34|0x0000000086200000, 0x0000000086200000, 0x0000000086300000|  0%| F|  |TAMS 0x0000000086200000, 0x0000000086200000| Untracked 
|  35|0x0000000086300000, 0x0000000086300000, 0x0000000086400000|  0%| F|  |TAMS 0x0000000086300000, 0x0000000086300000| Untracked 
|  36|0x0000000086400000, 0x0000000086400000, 0x0000000086500000|  0%| F|  |TAMS 0x0000000086400000, 0x0000000086400000| Untracked 
|  37|0x0000000086500000, 0x0000000086500000, 0x0000000086600000|  0%| F|  |TAMS 0x0000000086500000, 0x0000000086500000| Untracked 
|  38|0x0000000086600000, 0x0000000086600000, 0x0000000086700000|  0%| F|  |TAMS 0x0000000086600000, 0x0000000086600000| Untracked 
|  39|0x0000000086700000, 0x0000000086700000, 0x0000000086800000|  0%| F|  |TAMS 0x0000000086700000, 0x0000000086700000| Untracked 
|  40|0x0000000086800000, 0x0000000086800000, 0x0000000086900000|  0%| F|  |TAMS 0x0000000086800000, 0x0000000086800000| Untracked 
|  41|0x0000000086900000, 0x0000000086900000, 0x0000000086a00000|  0%| F|  |TAMS 0x0000000086900000, 0x0000000086900000| Untracked 
|  42|0x0000000086a00000, 0x0000000086a00000, 0x0000000086b00000|  0%| F|  |TAMS 0x0000000086a00000, 0x0000000086a00000| Untracked 
|  43|0x0000000086b00000, 0x0000000086b00000, 0x0000000086c00000|  0%| F|  |TAMS 0x0000000086b00000, 0x0000000086b00000| Untracked 
|  44|0x0000000086c00000, 0x0000000086c00000, 0x0000000086d00000|  0%| F|  |TAMS 0x0000000086c00000, 0x0000000086c00000| Untracked 
|  45|0x0000000086d00000, 0x0000000086d00000, 0x0000000086e00000|  0%| F|  |TAMS 0x0000000086d00000, 0x0000000086d00000| Untracked 
|  46|0x0000000086e00000, 0x0000000086e00000, 0x0000000086f00000|  0%| F|  |TAMS 0x0000000086e00000, 0x0000000086e00000| Untracked 
|  47|0x0000000086f00000, 0x0000000086f00000, 0x0000000087000000|  0%| F|  |TAMS 0x0000000086f00000, 0x0000000086f00000| Untracked 
|  48|0x0000000087000000, 0x0000000087000000, 0x0000000087100000|  0%| F|  |TAMS 0x0000000087000000, 0x0000000087000000| Untracked 
|  49|0x0000000087100000, 0x0000000087100000, 0x0000000087200000|  0%| F|  |TAMS 0x0000000087100000, 0x0000000087100000| Untracked 
|  50|0x0000000087200000, 0x0000000087200000, 0x0000000087300000|  0%| F|  |TAMS 0x0000000087200000, 0x0000000087200000| Untracked 
|  51|0x0000000087300000, 0x0000000087300000, 0x0000000087400000|  0%| F|  |TAMS 0x0000000087300000, 0x0000000087300000| Untracked 
|  52|0x0000000087400000, 0x0000000087400000, 0x0000000087500000|  0%| F|  |TAMS 0x0000000087400000, 0x0000000087400000| Untracked 
|  53|0x0000000087500000, 0x0000000087500000, 0x0000000087600000|  0%| F|  |TAMS 0x0000000087500000, 0x0000000087500000| Untracked 
|  54|0x0000000087600000, 0x0000000087600000, 0x0000000087700000|  0%| F|  |TAMS 0x0000000087600000, 0x0000000087600000| Untracked 
|  55|0x0000000087700000, 0x0000000087700000, 0x0000000087800000|  0%| F|  |TAMS 0x0000000087700000, 0x0000000087700000| Untracked 
|  56|0x0000000087800000, 0x0000000087800000, 0x0000000087900000|  0%| F|  |TAMS 0x0000000087800000, 0x0000000087800000| Untracked 
|  57|0x0000000087900000, 0x0000000087900000, 0x0000000087a00000|  0%| F|  |TAMS 0x0000000087900000, 0x0000000087900000| Untracked 
|  58|0x0000000087a00000, 0x0000000087a00000, 0x0000000087b00000|  0%| F|  |TAMS 0x0000000087a00000, 0x0000000087a00000| Untracked 
|  59|0x0000000087b00000, 0x0000000087b00000, 0x0000000087c00000|  0%| F|  |TAMS 0x0000000087b00000, 0x0000000087b00000| Untracked 
|  60|0x0000000087c00000, 0x0000000087c00000, 0x0000000087d00000|  0%| F|  |TAMS 0x0000000087c00000, 0x0000000087c00000| Untracked 
|  61|0x0000000087d00000, 0x0000000087d00000, 0x0000000087e00000|  0%| F|  |TAMS 0x0000000087d00000, 0x0000000087d00000| Untracked 
|  62|0x0000000087e00000, 0x0000000087e00000, 0x0000000087f00000|  0%| F|  |TAMS 0x0000000087e00000, 0x0000000087e00000| Untracked 
|  63|0x0000000087f00000, 0x0000000087f00000, 0x0000000088000000|  0%| F|  |TAMS 0x0000000087f00000, 0x0000000087f00000| Untracked 
|  64|0x0000000088000000, 0x0000000088000000, 0x0000000088100000|  0%| F|  |TAMS 0x0000000088000000, 0x0000000088000000| Untracked 
|  65|0x0000000088100000, 0x0000000088100000, 0x0000000088200000|  0%| F|  |TAMS 0x0000000088100000, 0x0000000088100000| Untracked 
|  66|0x0000000088200000, 0x0000000088200000, 0x0000000088300000|  0%| F|  |TAMS 0x0000000088200000, 0x0000000088200000| Untracked 
|  67|0x0000000088300000, 0x0000000088300000, 0x0000000088400000|  0%| F|  |TAMS 0x0000000088300000, 0x0000000088300000| Untracked 
|  68|0x0000000088400000, 0x0000000088400000, 0x0000000088500000|  0%| F|  |TAMS 0x0000000088400000, 0x0000000088400000| Untracked 
|  69|0x0000000088500000, 0x0000000088500000, 0x0000000088600000|  0%| F|  |TAMS 0x0000000088500000, 0x0000000088500000| Untracked 
|  70|0x0000000088600000, 0x0000000088600000, 0x0000000088700000|  0%| F|  |TAMS 0x0000000088600000, 0x0000000088600000| Untracked 
|  71|0x0000000088700000, 0x0000000088700000, 0x0000000088800000|  0%| F|  |TAMS 0x0000000088700000, 0x0000000088700000| Untracked 
|  72|0x0000000088800000, 0x0000000088800000, 0x0000000088900000|  0%| F|  |TAMS 0x0000000088800000, 0x0000000088800000| Untracked 
|  73|0x0000000088900000, 0x0000000088900000, 0x0000000088a00000|  0%| F|  |TAMS 0x0000000088900000, 0x0000000088900000| Untracked 
|  74|0x0000000088a00000, 0x0000000088a00000, 0x0000000088b00000|  0%| F|  |TAMS 0x0000000088a00000, 0x0000000088a00000| Untracked 
|  75|0x0000000088b00000, 0x0000000088b00000, 0x0000000088c00000|  0%| F|  |TAMS 0x0000000088b00000, 0x0000000088b00000| Untracked 
|  76|0x0000000088c00000, 0x0000000088c00000, 0x0000000088d00000|  0%| F|  |TAMS 0x0000000088c00000, 0x0000000088c00000| Untracked 
|  77|0x0000000088d00000, 0x0000000088d00000, 0x0000000088e00000|  0%| F|  |TAMS 0x0000000088d00000, 0x0000000088d00000| Untracked 
|  78|0x0000000088e00000, 0x0000000088e00000, 0x0000000088f00000|  0%| F|  |TAMS 0x0000000088e00000, 0x0000000088e00000| Untracked 
|  79|0x0000000088f00000, 0x0000000088f00000, 0x0000000089000000|  0%| F|  |TAMS 0x0000000088f00000, 0x0000000088f00000| Untracked 
|  80|0x0000000089000000, 0x0000000089000000, 0x0000000089100000|  0%| F|  |TAMS 0x0000000089000000, 0x0000000089000000| Untracked 
|  81|0x0000000089100000, 0x0000000089100000, 0x0000000089200000|  0%| F|  |TAMS 0x0000000089100000, 0x0000000089100000| Untracked 
|  82|0x0000000089200000, 0x0000000089200000, 0x0000000089300000|  0%| F|  |TAMS 0x0000000089200000, 0x0000000089200000| Untracked 
|  83|0x0000000089300000, 0x0000000089300000, 0x0000000089400000|  0%| F|  |TAMS 0x0000000089300000, 0x0000000089300000| Untracked 
|  84|0x0000000089400000, 0x0000000089400000, 0x0000000089500000|  0%| F|  |TAMS 0x0000000089400000, 0x0000000089400000| Untracked 
|  85|0x0000000089500000, 0x0000000089500000, 0x0000000089600000|  0%| F|  |TAMS 0x0000000089500000, 0x0000000089500000| Untracked 
|  86|0x0000000089600000, 0x0000000089600000, 0x0000000089700000|  0%| F|  |TAMS 0x0000000089600000, 0x0000000089600000| Untracked 
|  87|0x0000000089700000, 0x0000000089700000, 0x0000000089800000|  0%| F|  |TAMS 0x0000000089700000, 0x0000000089700000| Untracked 
|  88|0x0000000089800000, 0x0000000089800000, 0x0000000089900000|  0%| F|  |TAMS 0x0000000089800000, 0x0000000089800000| Untracked 
|  89|0x0000000089900000, 0x0000000089900000, 0x0000000089a00000|  0%| F|  |TAMS 0x0000000089900000, 0x0000000089900000| Untracked 
|  90|0x0000000089a00000, 0x0000000089a00000, 0x0000000089b00000|  0%| F|  |TAMS 0x0000000089a00000, 0x0000000089a00000| Untracked 
|  91|0x0000000089b00000, 0x0000000089b00000, 0x0000000089c00000|  0%| F|  |TAMS 0x0000000089b00000, 0x0000000089b00000| Untracked 
|  92|0x0000000089c00000, 0x0000000089c00000, 0x0000000089d00000|  0%| F|  |TAMS 0x0000000089c00000, 0x0000000089c00000| Untracked 
|  93|0x0000000089d00000, 0x0000000089d00000, 0x0000000089e00000|  0%| F|  |TAMS 0x0000000089d00000, 0x0000000089d00000| Untracked 
|  94|0x0000000089e00000, 0x0000000089e00000, 0x0000000089f00000|  0%| F|  |TAMS 0x0000000089e00000, 0x0000000089e00000| Untracked 
|  95|0x0000000089f00000, 0x0000000089f00000, 0x000000008a000000|  0%| F|  |TAMS 0x0000000089f00000, 0x0000000089f00000| Untracked 
|  96|0x000000008a000000, 0x000000008a000000, 0x000000008a100000|  0%| F|  |TAMS 0x000000008a000000, 0x000000008a000000| Untracked 
|  97|0x000000008a100000, 0x000000008a100000, 0x000000008a200000|  0%| F|  |TAMS 0x000000008a100000, 0x000000008a100000| Untracked 
|  98|0x000000008a200000, 0x000000008a200000, 0x000000008a300000|  0%| F|  |TAMS 0x000000008a200000, 0x000000008a200000| Untracked 
|  99|0x000000008a300000, 0x000000008a300000, 0x000000008a400000|  0%| F|  |TAMS 0x000000008a300000, 0x000000008a300000| Untracked 
| 100|0x000000008a400000, 0x000000008a400000, 0x000000008a500000|  0%| F|  |TAMS 0x000000008a400000, 0x000000008a400000| Untracked 
| 101|0x000000008a500000, 0x000000008a500000, 0x000000008a600000|  0%| F|  |TAMS 0x000000008a500000, 0x000000008a500000| Untracked 
| 102|0x000000008a600000, 0x000000008a600000, 0x000000008a700000|  0%| F|  |TAMS 0x000000008a600000, 0x000000008a600000| Untracked 
| 103|0x000000008a700000, 0x000000008a700000, 0x000000008a800000|  0%| F|  |TAMS 0x000000008a700000, 0x000000008a700000| Untracked 
| 104|0x000000008a800000, 0x000000008a800000, 0x000000008a900000|  0%| F|  |TAMS 0x000000008a800000, 0x000000008a800000| Untracked 
| 105|0x000000008a900000, 0x000000008a900000, 0x000000008aa00000|  0%| F|  |TAMS 0x000000008a900000, 0x000000008a900000| Untracked 
| 106|0x000000008aa00000, 0x000000008aa00000, 0x000000008ab00000|  0%| F|  |TAMS 0x000000008aa00000, 0x000000008aa00000| Untracked 
| 107|0x000000008ab00000, 0x000000008ab00000, 0x000000008ac00000|  0%| F|  |TAMS 0x000000008ab00000, 0x000000008ab00000| Untracked 
| 108|0x000000008ac00000, 0x000000008ac00000, 0x000000008ad00000|  0%| F|  |TAMS 0x000000008ac00000, 0x000000008ac00000| Untracked 
| 109|0x000000008ad00000, 0x000000008ad00000, 0x000000008ae00000|  0%| F|  |TAMS 0x000000008ad00000, 0x000000008ad00000| Untracked 
| 110|0x000000008ae00000, 0x000000008ae00000, 0x000000008af00000|  0%| F|  |TAMS 0x000000008ae00000, 0x000000008ae00000| Untracked 
| 111|0x000000008af00000, 0x000000008afee980, 0x000000008b000000| 93%| E|  |TAMS 0x000000008af00000, 0x000000008af00000| Complete 
| 112|0x000000008b000000, 0x000000008b100000, 0x000000008b100000|100%| E|CS|TAMS 0x000000008b000000, 0x000000008b000000| Complete 
| 113|0x000000008b100000, 0x000000008b200000, 0x000000008b200000|100%| E|CS|TAMS 0x000000008b100000, 0x000000008b100000| Complete 
| 114|0x000000008b200000, 0x000000008b300000, 0x000000008b300000|100%| E|CS|TAMS 0x000000008b200000, 0x000000008b200000| Complete 
| 115|0x000000008b300000, 0x000000008b400000, 0x000000008b400000|100%| E|CS|TAMS 0x000000008b300000, 0x000000008b300000| Complete 
| 116|0x000000008b400000, 0x000000008b500000, 0x000000008b500000|100%| E|CS|TAMS 0x000000008b400000, 0x000000008b400000| Complete 
| 117|0x000000008b500000, 0x000000008b600000, 0x000000008b600000|100%| E|CS|TAMS 0x000000008b500000, 0x000000008b500000| Complete 
| 118|0x000000008b600000, 0x000000008b700000, 0x000000008b700000|100%| E|CS|TAMS 0x000000008b600000, 0x000000008b600000| Complete 
| 119|0x000000008b700000, 0x000000008b800000, 0x000000008b800000|100%| E|CS|TAMS 0x000000008b700000, 0x000000008b700000| Complete 
| 120|0x000000008b800000, 0x000000008b900000, 0x000000008b900000|100%| E|CS|TAMS 0x000000008b800000, 0x000000008b800000| Complete 
| 121|0x000000008b900000, 0x000000008ba00000, 0x000000008ba00000|100%| E|CS|TAMS 0x000000008b900000, 0x000000008b900000| Complete 
| 122|0x000000008ba00000, 0x000000008bb00000, 0x000000008bb00000|100%| E|CS|TAMS 0x000000008ba00000, 0x000000008ba00000| Complete 
| 123|0x000000008bb00000, 0x000000008bc00000, 0x000000008bc00000|100%| E|CS|TAMS 0x000000008bb00000, 0x000000008bb00000| Complete 

Card table byte_map: [0x000002c37af30000,0x000002c37b310000] _byte_map_base: 0x000002c37ab10000

Marking Bits (Prev, Next): (CMBitMap*) 0x000002c3771c40c0, (CMBitMap*) 0x000002c3771c4100
 Prev Bits: [0x000002c37b6f0000, 0x000002c37d5f0000)
 Next Bits: [0x000002c37d5f0000, 0x000002c37f4f0000)

Polling page: 0x000002c376930000

Metaspace:

Usage:
  Non-class:     13.50 MB used.
      Class:      1.53 MB used.
       Both:     15.03 MB used.

Virtual space:
  Non-class space:       16.00 MB reserved,      13.62 MB ( 85%) committed,  2 nodes.
      Class space:        1.00 GB reserved,       1.62 MB ( <1%) committed,  1 nodes.
             Both:        1.02 GB reserved,      15.25 MB (  1%) committed. 

Chunk freelists:
   Non-Class:  2.23 MB
       Class:  2.25 MB
        Both:  4.48 MB

MaxMetaspaceSize: unlimited
CompressedClassSpaceSize: 1.00 GB
Initial GC threshold: 21.00 MB
Current GC threshold: 21.00 MB
CDS: off
MetaspaceReclaimPolicy: balanced
 - commit_granule_bytes: 65536.
 - commit_granule_words: 8192.
 - virtual_space_node_default_size: 1048576.
 - enlarge_chunks_in_place: 1.
 - new_chunks_are_fully_committed: 0.
 - uncommit_free_chunks: 1.
 - use_allocation_guard: 0.
 - handle_deallocations: 1.


Internal statistics:

num_allocs_failed_limit: 0.
num_arena_births: 124.
num_arena_deaths: 0.
num_vsnodes_births: 3.
num_vsnodes_deaths: 0.
num_space_committed: 244.
num_space_uncommitted: 0.
num_chunks_returned_to_freelist: 0.
num_chunks_taken_from_freelist: 190.
num_chunk_merges: 0.
num_chunk_splits: 100.
num_chunks_enlarged: 44.
num_purges: 0.
num_inconsistent_stats: 0.

CodeHeap 'non-profiled nmethods': size=120000Kb used=414Kb max_used=414Kb free=119585Kb
 bounds [0x000002c307ad0000, 0x000002c307d40000, 0x000002c30f000000]
CodeHeap 'profiled nmethods': size=120000Kb used=2707Kb max_used=2707Kb free=117292Kb
 bounds [0x000002c300000000, 0x000002c3002b0000, 0x000002c307530000]
CodeHeap 'non-nmethods': size=5760Kb used=1289Kb max_used=1302Kb free=4471Kb
 bounds [0x000002c307530000, 0x000002c3077a0000, 0x000002c307ad0000]
 total_blobs=2145 nmethods=1545 adapters=512
 compilation: enabled
              stopped_count=0, restarted_count=0
 full_count=0

Compilation events (20 events):
Event: 20.286 Thread 0x000002c31186d790 nmethod 1538 0x000002c30029a710 code [0x000002c30029a920, 0x000002c30029b1d8]
Event: 20.287 Thread 0x000002c31186d790 1536       3       java.awt.geom.Rectangle2D$Float::setRect (27 bytes)
Event: 20.287 Thread 0x000002c31186d790 nmethod 1536 0x000002c30029b510 code [0x000002c30029b6a0, 0x000002c30029b7d8]
Event: 20.287 Thread 0x000002c31186d790 1537       3       sun.swing.SwingUtilities2::isPrinting (20 bytes)
Event: 20.287 Thread 0x000002c31186d790 nmethod 1537 0x000002c30029b890 code [0x000002c30029ba40, 0x000002c30029bdd8]
Event: 20.291 Thread 0x000002c31186d790 1540       3       java.awt.Component::repaintParentIfNeeded (41 bytes)
Event: 20.291 Thread 0x000002c31186d790 nmethod 1540 0x000002c30029be90 code [0x000002c30029c060, 0x000002c30029c568]
Event: 20.291 Thread 0x000002c31186d790 1539       3       java.awt.Component::notifyNewBounds (129 bytes)
Event: 20.292 Thread 0x000002c31186d790 nmethod 1539 0x000002c30029c690 code [0x000002c30029ca40, 0x000002c30029e428]
Event: 20.294 Thread 0x000002c31186d790 1541       3       java.lang.invoke.VarHandle::checkExactAccessMode (28 bytes)
Event: 20.294 Thread 0x000002c31186d790 nmethod 1541 0x000002c30029ec10 code [0x000002c30029ee40, 0x000002c30029f7b8]
Event: 20.294 Thread 0x000002c31186d790 1543       3       sun.font.FileFontStrike::getSlot0GlyphImagePtrs (130 bytes)
Event: 20.295 Thread 0x000002c31186d790 nmethod 1543 0x000002c30029fb90 code [0x000002c30029fdc0, 0x000002c3002a04e8]
Event: 20.295 Thread 0x000002c31186d790 1542       3       java.lang.invoke.VarForm::getMemberName (31 bytes)
Event: 20.295 Thread 0x000002c31186d790 nmethod 1542 0x000002c3002a0810 code [0x000002c3002a09c0, 0x000002c3002a0c18]
Event: 20.298 Thread 0x000002c31186d790 1544   !   3       java.awt.Container::mixOnValidating (85 bytes)
Event: 20.299 Thread 0x000002c31186d790 nmethod 1544 0x000002c3002a0d10 code [0x000002c3002a10e0, 0x000002c3002a2d28]
Event: 20.304 Thread 0x000002c31186d790 1545       3       javax.swing.JComponent::rectangleIsObscured (119 bytes)
Event: 20.305 Thread 0x000002c31186d790 nmethod 1545 0x000002c3002a3810 code [0x000002c3002a3aa0, 0x000002c3002a4a48]
Event: 20.305 Thread 0x000002c31186d790 1546   !   3       javax.swing.JComponent::paintChildren (691 bytes)

GC Heap History (0 events):
No events

Dll operation events (8 events):
Event: 0.008 Loaded shared library C:\Users\david\.p2\pool\plugins\org.eclipse.justj.openjdk.hotspot.jre.full.win32.x86_64_17.0.6.v20230204-1729\jre\bin\java.dll
Event: 0.133 Loaded shared library C:\Users\david\.p2\pool\plugins\org.eclipse.justj.openjdk.hotspot.jre.full.win32.x86_64_17.0.6.v20230204-1729\jre\bin\jimage.dll
Event: 0.170 Loaded shared library C:\Users\david\.p2\pool\plugins\org.eclipse.justj.openjdk.hotspot.jre.full.win32.x86_64_17.0.6.v20230204-1729\jre\bin\awt.dll
Event: 0.382 Loaded shared library C:\Users\david\.p2\pool\plugins\org.eclipse.justj.openjdk.hotspot.jre.full.win32.x86_64_17.0.6.v20230204-1729\jre\bin\freetype.dll
Event: 0.383 Loaded shared library C:\Users\david\.p2\pool\plugins\org.eclipse.justj.openjdk.hotspot.jre.full.win32.x86_64_17.0.6.v20230204-1729\jre\bin\fontmanager.dll
Event: 0.471 Loaded shared library C:\Users\david\.p2\pool\plugins\org.eclipse.justj.openjdk.hotspot.jre.full.win32.x86_64_17.0.6.v20230204-1729\jre\bin\net.dll
Event: 0.476 Loaded shared library C:\Users\david\.p2\pool\plugins\org.eclipse.justj.openjdk.hotspot.jre.full.win32.x86_64_17.0.6.v20230204-1729\jre\bin\nio.dll
Event: 2.460 Loaded shared library C:\Users\david\.p2\pool\plugins\org.eclipse.justj.openjdk.hotspot.jre.full.win32.x86_64_17.0.6.v20230204-1729\jre\bin\zip.dll

Deoptimization events (20 events):
Event: 2.164 Thread 0x000002c311fd1eb0 DEOPT PACKING pc=0x000002c3000d9780 sp=0x000000d9c1dfd610
Event: 2.164 Thread 0x000002c311fd1eb0 DEOPT UNPACKING pc=0x000002c30758ace3 sp=0x000000d9c1dfcae0 mode 0
Event: 3.411 Thread 0x000002c311fd1eb0 Uncommon trap: trap_request=0xffffffde fr.pc=0x000002c307aecea4 relative=0x00000000000001a4
Event: 3.411 Thread 0x000002c311fd1eb0 Uncommon trap: reason=class_check action=maybe_recompile pc=0x000002c307aecea4 method=java.lang.String.equals(Ljava/lang/Object;)Z @ 8 c2
Event: 3.411 Thread 0x000002c311fd1eb0 DEOPT PACKING pc=0x000002c307aecea4 sp=0x000000d9c1dfcd90
Event: 3.411 Thread 0x000002c311fd1eb0 DEOPT UNPACKING pc=0x000002c30758a1a3 sp=0x000000d9c1dfcd28 mode 2
Event: 3.411 Thread 0x000002c311fd1eb0 Uncommon trap: trap_request=0xffffffde fr.pc=0x000002c307aecea4 relative=0x00000000000001a4
Event: 3.411 Thread 0x000002c311fd1eb0 Uncommon trap: reason=class_check action=maybe_recompile pc=0x000002c307aecea4 method=java.lang.String.equals(Ljava/lang/Object;)Z @ 8 c2
Event: 3.411 Thread 0x000002c311fd1eb0 DEOPT PACKING pc=0x000002c307aecea4 sp=0x000000d9c1dfccf0
Event: 3.411 Thread 0x000002c311fd1eb0 DEOPT UNPACKING pc=0x000002c30758a1a3 sp=0x000000d9c1dfcc98 mode 2
Event: 3.411 Thread 0x000002c311fd1eb0 Uncommon trap: trap_request=0xffffffde fr.pc=0x000002c307aecea4 relative=0x00000000000001a4
Event: 3.411 Thread 0x000002c311fd1eb0 Uncommon trap: reason=class_check action=maybe_recompile pc=0x000002c307aecea4 method=java.lang.String.equals(Ljava/lang/Object;)Z @ 8 c2
Event: 3.411 Thread 0x000002c311fd1eb0 DEOPT PACKING pc=0x000002c307aecea4 sp=0x000000d9c1dfcc60
Event: 3.411 Thread 0x000002c311fd1eb0 DEOPT UNPACKING pc=0x000002c30758a1a3 sp=0x000000d9c1dfcc08 mode 2
Event: 3.476 Thread 0x000002c311fd1eb0 Uncommon trap: trap_request=0xffffffde fr.pc=0x000002c307aecea4 relative=0x00000000000001a4
Event: 3.476 Thread 0x000002c311fd1eb0 Uncommon trap: reason=class_check action=maybe_recompile pc=0x000002c307aecea4 method=java.lang.String.equals(Ljava/lang/Object;)Z @ 8 c2
Event: 3.476 Thread 0x000002c311fd1eb0 DEOPT PACKING pc=0x000002c307aecea4 sp=0x000000d9c1dfd130
Event: 3.476 Thread 0x000002c311fd1eb0 DEOPT UNPACKING pc=0x000002c30758a1a3 sp=0x000000d9c1dfd0d8 mode 2
Event: 14.617 Thread 0x000002c311fd1eb0 DEOPT PACKING pc=0x000002c300148512 sp=0x000000d9c1dfd590
Event: 14.617 Thread 0x000002c311fd1eb0 DEOPT UNPACKING pc=0x000002c30758ace3 sp=0x000000d9c1dfca78 mode 0

Classes unloaded (0 events):
No events

Classes redefined (0 events):
No events

Internal exceptions (14 events):
Event: 0.159 Thread 0x000002c377166db0 Exception <a 'java/lang/ClassNotFoundException'{0x000000008ba444c0}: sun/awt/resources/spi/awtProvider> (0x000000008ba444c0) 
thrown [s\src\hotspot\share\classfile\systemDictionary.cpp, line 256]
Event: 0.188 Thread 0x000002c377166db0 Exception <a 'java/io/FileNotFoundException'{0x000000008ba9f228}> (0x000000008ba9f228) 
thrown [s\src\hotspot\share\prims\jni.cpp, line 516]
Event: 0.196 Thread 0x000002c377166db0 Exception <a 'java/io/FileNotFoundException'{0x000000008bacc1e0}> (0x000000008bacc1e0) 
thrown [s\src\hotspot\share\prims\jni.cpp, line 516]
Event: 0.243 Thread 0x000002c377166db0 Exception <a 'java/lang/NoSuchMethodError'{0x000000008b91df90}: 'java.lang.Object java.lang.invoke.DirectMethodHandle$Holder.invokeStaticInit(java.lang.Object)'> (0x000000008b91df90) 
thrown [s\src\hotspot\share\interpreter\linkResolver.cpp, line 759]
Event: 0.296 Thread 0x000002c377166db0 Exception <a 'java/lang/NoSuchMethodError'{0x000000008b967eb8}: 'void java.lang.invoke.DirectMethodHandle$Holder.invokeSpecial(java.lang.Object, java.lang.Object, java.lang.Object)'> (0x000000008b967eb8) 
thrown [s\src\hotspot\share\interpreter\linkResolver.cpp, line 759]
Event: 0.306 Thread 0x000002c377166db0 Exception <a 'java/lang/NoSuchMethodError'{0x000000008b808590}: 'java.lang.Object java.lang.invoke.DirectMethodHandle$Holder.newInvokeSpecial(java.lang.Object, java.lang.Object, java.lang.Object, java.lang.Object, java.lang.Object)'> (0x000000008b808590) 
thrown [s\src\hotspot\share\interpreter\linkResolver.cpp, line 759]
Event: 0.308 Thread 0x000002c377166db0 Exception <a 'java/lang/NoSuchMethodError'{0x000000008b814048}: 'java.lang.Object java.lang.invoke.DirectMethodHandle$Holder.invokeStatic(java.lang.Object, int, java.lang.Object, java.lang.Object, java.lang.Object, java.lang.Object)'> (0x000000008b814048) 
thrown [s\src\hotspot\share\interpreter\linkResolver.cpp, line 759]
Event: 0.312 Thread 0x000002c377166db0 Exception <a 'java/lang/NoSuchMethodError'{0x000000008b839808}: 'java.lang.Object java.lang.invoke.DirectMethodHandle$Holder.invokeStatic(java.lang.Object, int, java.lang.Object)'> (0x000000008b839808) 
thrown [s\src\hotspot\share\interpreter\linkResolver.cpp, line 759]
Event: 0.335 Thread 0x000002c377166db0 Exception <a 'java/lang/ClassNotFoundException'{0x000000008b8f1358}: com/sun/swing/internal/plaf/metal/resources/spi/metalProvider> (0x000000008b8f1358) 
thrown [s\src\hotspot\share\classfile\systemDictionary.cpp, line 256]
Event: 0.336 Thread 0x000002c377166db0 Exception <a 'java/lang/ClassNotFoundException'{0x000000008b8f5d10}: com/sun/swing/internal/plaf/basic/resources/spi/basicProvider> (0x000000008b8f5d10) 
thrown [s\src\hotspot\share\classfile\systemDictionary.cpp, line 256]
Event: 0.363 Thread 0x000002c311f26790 Exception <a 'java/lang/NoSuchMethodError'{0x000000008b9865b8}: 'void java.lang.invoke.DirectMethodHandle$Holder.invokeVirtual(java.lang.Object, java.lang.Object)'> (0x000000008b9865b8) 
thrown [s\src\hotspot\share\interpreter\linkResolver.cpp, line 759]
Event: 0.378 Thread 0x000002c377166db0 Exception <a 'java/lang/NoSuchMethodError'{0x000000008b7fa0c8}: 'void java.lang.invoke.DirectMethodHandle$Holder.invokeStaticInit(java.lang.Object)'> (0x000000008b7fa0c8) 
thrown [s\src\hotspot\share\interpreter\linkResolver.cpp, line 759]
Event: 2.468 Thread 0x000002c311bfc990 Exception <a 'java/lang/NoSuchMethodError'{0x000000008b5f90b0}: 'java.lang.Object java.lang.invoke.DirectMethodHandle$Holder.newInvokeSpecial(java.lang.Object, java.lang.Object, java.lang.Object, int, int, int, int, int)'> (0x000000008b5f90b0) 
thrown [s\src\hotspot\share\interpreter\linkResolver.cpp, line 759]
Event: 2.568 Thread 0x000002c311fd1eb0 Exception <a 'java/lang/NoSuchMethodError'{0x000000008b4ac0a8}: 'int java.lang.invoke.DirectMethodHandle$Holder.invokeStatic(java.lang.Object)'> (0x000000008b4ac0a8) 
thrown [s\src\hotspot\share\interpreter\linkResolver.cpp, line 759]

VM Operations (20 events):
Event: 7.540 Executing VM operation: Cleanup
Event: 7.540 Executing VM operation: Cleanup done
Event: 8.547 Executing VM operation: Cleanup
Event: 8.548 Executing VM operation: Cleanup done
Event: 9.556 Executing VM operation: Cleanup
Event: 9.556 Executing VM operation: Cleanup done
Event: 10.570 Executing VM operation: Cleanup
Event: 10.570 Executing VM operation: Cleanup done
Event: 13.597 Executing VM operation: Cleanup
Event: 13.597 Executing VM operation: Cleanup done
Event: 14.605 Executing VM operation: Cleanup
Event: 14.605 Executing VM operation: Cleanup done
Event: 15.612 Executing VM operation: Cleanup
Event: 15.613 Executing VM operation: Cleanup done
Event: 16.623 Executing VM operation: Cleanup
Event: 16.623 Executing VM operation: Cleanup done
Event: 17.632 Executing VM operation: Cleanup
Event: 17.632 Executing VM operation: Cleanup done
Event: 19.653 Executing VM operation: Cleanup
Event: 19.653 Executing VM operation: Cleanup done

Events (20 events):
Event: 4.121 loading class javax/swing/Popup$HeavyWeightWindow done
Event: 4.122 loading class javax/swing/text/GapContent$RemoveUndo
Event: 4.122 loading class javax/swing/text/GapContent$RemoveUndo done
Event: 4.122 loading class javax/swing/text/GapContent$UndoPosRef
Event: 4.122 loading class javax/swing/text/GapContent$UndoPosRef done
Event: 4.123 loading class javax/swing/CellRendererPane
Event: 4.123 loading class javax/swing/CellRendererPane done
Event: 4.123 loading class javax/swing/JLayer
Event: 4.124 loading class javax/swing/JLayer done
Event: 4.124 loading class javax/swing/JViewport
Event: 4.125 loading class javax/swing/JViewport done
Event: 4.125 loading class javax/swing/event/CaretListener
Event: 4.125 loading class javax/swing/event/CaretListener done
Event: 4.127 loading class javax/swing/RepaintManager$3
Event: 4.127 loading class javax/swing/RepaintManager$3 done
Event: 7.479 Thread 0x000002c311bfc990 Thread exited: 0x000002c311bfc990
Event: 20.176 loading class sun/awt/windows/WComponentPeer$1
Event: 20.176 loading class sun/awt/windows/WComponentPeer$1 done
Event: 20.202 loading class sun/java2d/opengl/OGLSurfaceData
Event: 20.202 loading class sun/java2d/opengl/OGLSurfaceData done


Dynamic libraries:
0x00007ff62b190000 - 0x00007ff62b19e000 	C:\Users\david\.p2\pool\plugins\org.eclipse.justj.openjdk.hotspot.jre.full.win32.x86_64_17.0.6.v20230204-1729\jre\bin\javaw.exe
0x00007ff813cf0000 - 0x00007ff813f04000 	C:\WINDOWS\SYSTEM32\ntdll.dll
0x00007ff813330000 - 0x00007ff8133f2000 	C:\WINDOWS\System32\KERNEL32.DLL
0x00007ff811410000 - 0x00007ff8117b3000 	C:\WINDOWS\System32\KERNELBASE.dll
0x00007ff8112f0000 - 0x00007ff811401000 	C:\WINDOWS\System32\ucrtbase.dll
0x00007ff8080d0000 - 0x00007ff8080e7000 	C:\Users\david\.p2\pool\plugins\org.eclipse.justj.openjdk.hotspot.jre.full.win32.x86_64_17.0.6.v20230204-1729\jre\bin\jli.dll
0x00007ff808100000 - 0x00007ff808119000 	C:\Users\david\.p2\pool\plugins\org.eclipse.justj.openjdk.hotspot.jre.full.win32.x86_64_17.0.6.v20230204-1729\jre\bin\VCRUNTIME140.dll
0x00007ff813180000 - 0x00007ff81332b000 	C:\WINDOWS\System32\USER32.dll
0x00007ff811860000 - 0x00007ff811886000 	C:\WINDOWS\System32\win32u.dll
0x00007ffff9510000 - 0x00007ffff979e000 	C:\WINDOWS\WinSxS\amd64_microsoft.windows.common-controls_6595b64144ccf1df_6.0.22621.1635_none_270f70857386168e\COMCTL32.dll
0x00007ff811bf0000 - 0x00007ff811c19000 	C:\WINDOWS\System32\GDI32.dll
0x00007ff813c00000 - 0x00007ff813ca7000 	C:\WINDOWS\System32\msvcrt.dll
0x00007ff811950000 - 0x00007ff811a68000 	C:\WINDOWS\System32\gdi32full.dll
0x00007ff8117c0000 - 0x00007ff81185a000 	C:\WINDOWS\System32\msvcp_win.dll
0x00007ff8121a0000 - 0x00007ff8121d1000 	C:\WINDOWS\System32\IMM32.DLL
0x00007ff80b2f0000 - 0x00007ff80b2fc000 	C:\Users\david\.p2\pool\plugins\org.eclipse.justj.openjdk.hotspot.jre.full.win32.x86_64_17.0.6.v20230204-1729\jre\bin\vcruntime140_1.dll
0x00007fffe3d00000 - 0x00007fffe3d91000 	C:\Users\david\.p2\pool\plugins\org.eclipse.justj.openjdk.hotspot.jre.full.win32.x86_64_17.0.6.v20230204-1729\jre\bin\msvcp140.dll
0x00007fffa8cc0000 - 0x00007fffa9907000 	C:\Users\david\.p2\pool\plugins\org.eclipse.justj.openjdk.hotspot.jre.full.win32.x86_64_17.0.6.v20230204-1729\jre\bin\server\jvm.dll
0x00007ff8120f0000 - 0x00007ff81219e000 	C:\WINDOWS\System32\ADVAPI32.dll
0x00007ff812c40000 - 0x00007ff812ce4000 	C:\WINDOWS\System32\sechost.dll
0x00007ff812320000 - 0x00007ff812437000 	C:\WINDOWS\System32\RPCRT4.dll
0x00007ff807e20000 - 0x00007ff807e54000 	C:\WINDOWS\SYSTEM32\WINMM.dll
0x00007ff80b300000 - 0x00007ff80b309000 	C:\WINDOWS\SYSTEM32\WSOCK32.dll
0x00007ff809ed0000 - 0x00007ff809eda000 	C:\WINDOWS\SYSTEM32\VERSION.dll
0x00007ff813840000 - 0x00007ff8138b1000 	C:\WINDOWS\System32\WS2_32.dll
0x00007ff8101c0000 - 0x00007ff8101d8000 	C:\WINDOWS\SYSTEM32\kernel.appcore.dll
0x00007ff80a880000 - 0x00007ff80a88a000 	C:\Users\david\.p2\pool\plugins\org.eclipse.justj.openjdk.hotspot.jre.full.win32.x86_64_17.0.6.v20230204-1729\jre\bin\jimage.dll
0x00007ff80e540000 - 0x00007ff80e76e000 	C:\WINDOWS\SYSTEM32\DBGHELP.DLL
0x00007ff813420000 - 0x00007ff8137a9000 	C:\WINDOWS\System32\combase.dll
0x00007ff812240000 - 0x00007ff812317000 	C:\WINDOWS\System32\OLEAUT32.dll
0x00007ffff4b40000 - 0x00007ffff4b72000 	C:\WINDOWS\SYSTEM32\dbgcore.DLL
0x00007ff811a70000 - 0x00007ff811aeb000 	C:\WINDOWS\System32\bcryptPrimitives.dll
0x00007fffe47b0000 - 0x00007fffe47d5000 	C:\Users\david\.p2\pool\plugins\org.eclipse.justj.openjdk.hotspot.jre.full.win32.x86_64_17.0.6.v20230204-1729\jre\bin\java.dll
0x00007fffdf490000 - 0x00007fffdf4a8000 	C:\Users\david\.p2\pool\plugins\org.eclipse.justj.openjdk.hotspot.jre.full.win32.x86_64_17.0.6.v20230204-1729\jre\bin\zip.dll
0x00007ff812440000 - 0x00007ff812c3a000 	C:\WINDOWS\System32\SHELL32.dll
0x00007ff80f110000 - 0x00007ff80f9de000 	C:\WINDOWS\SYSTEM32\windows.storage.dll
0x00007ff80efd0000 - 0x00007ff80f10e000 	C:\WINDOWS\SYSTEM32\wintypes.dll
0x00007ff811af0000 - 0x00007ff811be1000 	C:\WINDOWS\System32\SHCORE.dll
0x00007ff8121e0000 - 0x00007ff81223e000 	C:\WINDOWS\System32\shlwapi.dll
0x00007ff811040000 - 0x00007ff811061000 	C:\WINDOWS\SYSTEM32\profapi.dll
0x00007fffe3460000 - 0x00007fffe35ee000 	C:\Users\david\.p2\pool\plugins\org.eclipse.justj.openjdk.hotspot.jre.full.win32.x86_64_17.0.6.v20230204-1729\jre\bin\awt.dll
0x00007ff80d6b0000 - 0x00007ff80d747000 	C:\WINDOWS\SYSTEM32\apphelp.dll
0x00007ff80e320000 - 0x00007ff80e34b000 	C:\WINDOWS\system32\DWMAPI.DLL
0x00007ff80d880000 - 0x00007ff80d92b000 	C:\WINDOWS\system32\uxtheme.dll
0x00007fffe3670000 - 0x00007fffe3770000 	C:\WINDOWS\system32\opengl32.dll
0x00007ffff61d0000 - 0x00007ffff61fd000 	C:\WINDOWS\SYSTEM32\GLU32.dll
0x00007ff80e220000 - 0x00007ff80e256000 	C:\WINDOWS\SYSTEM32\dxcore.dll
0x00007ff812cf0000 - 0x00007ff812e0e000 	C:\WINDOWS\System32\MSCTF.dll
0x00007ff812ec0000 - 0x00007ff81305c000 	C:\WINDOWS\System32\ole32.dll
0x00007fffe3c70000 - 0x00007fffe3cf6000 	C:\Users\david\.p2\pool\plugins\org.eclipse.justj.openjdk.hotspot.jre.full.win32.x86_64_17.0.6.v20230204-1729\jre\bin\freetype.dll
0x00007fffe3390000 - 0x00007fffe3455000 	C:\Users\david\.p2\pool\plugins\org.eclipse.justj.openjdk.hotspot.jre.full.win32.x86_64_17.0.6.v20230204-1729\jre\bin\fontmanager.dll
0x00007ff808890000 - 0x00007ff8089bd000 	C:\WINDOWS\SYSTEM32\textinputframework.dll
0x00007ffff94a0000 - 0x00007ffff9509000 	C:\WINDOWS\system32\Oleacc.dll
0x00007fffdf470000 - 0x00007fffdf489000 	C:\Users\david\.p2\pool\plugins\org.eclipse.justj.openjdk.hotspot.jre.full.win32.x86_64_17.0.6.v20230204-1729\jre\bin\net.dll
0x00007ff808c00000 - 0x00007ff808d37000 	C:\WINDOWS\SYSTEM32\WINHTTP.dll
0x00007ff8106c0000 - 0x00007ff810729000 	C:\WINDOWS\system32\mswsock.dll
0x00007fffdf450000 - 0x00007fffdf465000 	C:\Users\david\.p2\pool\plugins\org.eclipse.justj.openjdk.hotspot.jre.full.win32.x86_64_17.0.6.v20230204-1729\jre\bin\nio.dll
0x00007ff80d3b0000 - 0x00007ff80d4e3000 	C:\WINDOWS\SYSTEM32\CoreMessaging.dll
0x00007ff809800000 - 0x00007ff809b6c000 	C:\WINDOWS\SYSTEM32\CoreUIComponents.dll
0x00007ff810940000 - 0x00007ff81094c000 	C:\WINDOWS\SYSTEM32\CRYPTBASE.DLL
0x00007ff812e10000 - 0x00007ff812ec0000 	C:\WINDOWS\System32\clbcatq.dll
0x00007ff80c7b0000 - 0x00007ff80c960000 	C:\WINDOWS\SYSTEM32\WindowsCodecs.dll
0x00007ffff7b70000 - 0x00007ffff7bce000 	C:\WINDOWS\system32\dataexchange.dll
0x00007ff8074c0000 - 0x00007ff807737000 	C:\WINDOWS\system32\twinapi.appcore.dll
0x00007ffff05e0000 - 0x00007ffff0690000 	C:\WINDOWS\SYSTEM32\TextShaping.dll

dbghelp: loaded successfully - version: 4.0.5 - missing functions: none
symbol engine: initialized successfully - sym options: 0x614 - pdb path: .;C:\Users\david\.p2\pool\plugins\org.eclipse.justj.openjdk.hotspot.jre.full.win32.x86_64_17.0.6.v20230204-1729\jre\bin;C:\WINDOWS\SYSTEM32;C:\WINDOWS\WinSxS\amd64_microsoft.windows.common-controls_6595b64144ccf1df_6.0.22621.1635_none_270f70857386168e;C:\Users\david\.p2\pool\plugins\org.eclipse.justj.openjdk.hotspot.jre.full.win32.x86_64_17.0.6.v20230204-1729\jre\bin\server

VM Arguments:
jvm_args: -Dfile.encoding=UTF-8 -XX:+ShowCodeDetailsInExceptionMessages 
java_command: View.TelaPrincipal
java_class_path (initial): F:\FATEC\Programas\Java\FilaEnfermaria\Enfermagem\bin
Launcher Type: SUN_STANDARD

[Global flags]
     intx CICompilerCount                          = 4                                         {product} {ergonomic}
     uint ConcGCThreads                            = 2                                         {product} {ergonomic}
     uint G1ConcRefinementThreads                  = 8                                         {product} {ergonomic}
   size_t G1HeapRegionSize                         = 1048576                                   {product} {ergonomic}
    uintx GCDrainStackTargetSize                   = 64                                        {product} {ergonomic}
   size_t InitialHeapSize                          = 130023424                                 {product} {ergonomic}
   size_t MarkStackSize                            = 4194304                                   {product} {ergonomic}
   size_t MaxHeapSize                              = 2080374784                                {product} {ergonomic}
   size_t MaxNewSize                               = 1247805440                                {product} {ergonomic}
   size_t MinHeapDeltaBytes                        = 1048576                                   {product} {ergonomic}
   size_t MinHeapSize                              = 8388608                                   {product} {ergonomic}
    uintx NonNMethodCodeHeapSize                   = 5839372                                {pd product} {ergonomic}
    uintx NonProfiledCodeHeapSize                  = 122909434                              {pd product} {ergonomic}
    uintx ProfiledCodeHeapSize                     = 122909434                              {pd product} {ergonomic}
    uintx ReservedCodeCacheSize                    = 251658240                              {pd product} {ergonomic}
     bool SegmentedCodeCache                       = true                                      {product} {ergonomic}
     bool ShowCodeDetailsInExceptionMessages       = true                                   {manageable} {command line}
   size_t SoftMaxHeapSize                          = 2080374784                             {manageable} {ergonomic}
     bool UseCompressedClassPointers               = true                           {product lp64_product} {ergonomic}
     bool UseCompressedOops                        = true                           {product lp64_product} {ergonomic}
     bool UseG1GC                                  = true                                      {product} {ergonomic}
     bool UseLargePagesIndividualAllocation        = false                                  {pd product} {ergonomic}

Logging:
Log output configuration:
 #0: stdout all=warning uptime,level,tags
 #1: stderr all=off uptime,level,tags

Environment Variables:
PATH=C:/Users/david/.p2/pool/plugins/org.eclipse.justj.openjdk.hotspot.jre.full.win32.x86_64_17.0.6.v20230204-1729/jre/bin/server;C:/Users/david/.p2/pool/plugins/org.eclipse.justj.openjdk.hotspot.jre.full.win32.x86_64_17.0.6.v20230204-1729/jre/bin;C:\Program Files\Common Files\Oracle\Java\javapath;C:\Program Files\Microsoft\jdk-11.0.16.101-hotspot\bin;C:\ProgramData\Oracle\Java\javapath;C:\Windows\system32;C:\Windows;C:\Windows\System32\Wbem;C:\Windows\System32\WindowsPowerShell\v1.0\;C:\Windows\System32\OpenSSH\;C:\Program Files (x86)\NVIDIA Corporation\PhysX\Common;C:\WINDOWS\system32;C:\WINDOWS;C:\WINDOWS\System32\Wbem;C:\WINDOWS\System32\WindowsPowerShell\v1.0\;C:\WINDOWS\System32\OpenSSH\;C:\Program Files\dotnet\;C:\Program Files\Git\cmd;C:\Program Files\nodejs\;C:\Users\david\AppData\Local\Microsoft\WindowsApps;C:\Users\david\AppData\Local\Programs\Microsoft VS Code\bin;C:\Users\david\.dotnet\tools;C:\Users\david\AppData\Local\GitHubDesktop\bin;C:\Users\david\AppData\Roaming\npm;C:\WINDOWS\System32;
USERNAME=david
OS=Windows_NT
PROCESSOR_IDENTIFIER=Intel64 Family 6 Model 126 Stepping 5, GenuineIntel
TMP=C:\Users\david\AppData\Local\Temp
TEMP=C:\Users\david\AppData\Local\Temp



---------------  S Y S T E M  ---------------

OS:
 Windows 11 , 64 bit Build 22621 (10.0.22621.1635)
OS uptime: 22 days 1:48 hours

CPU: total 8 (initial active 8) (4 cores per cpu, 2 threads per core) family 6 model 126 stepping 5 microcode 0xa0, cx8, cmov, fxsr, ht, mmx, 3dnowpref, sse, sse2, sse3, ssse3, sse4.1, sse4.2, popcnt, lzcnt, tsc, tscinvbit, avx, avx2, aes, erms, clmul, bmi1, bmi2, adx, avx512f, avx512dq, avx512cd, avx512bw, avx512vl, sha, fma, vzeroupper, avx512_vpopcntdq, avx512_vpclmulqdq, avx512_vaes, avx512_vnni, clflush, clflushopt, avx512_vbmi2, avx512_vbmi

Memory: 4k page, system-wide physical 7930M (1749M free)
TotalPageFile size 32506M (AvailPageFile size 4M)
current process WorkingSet (physical memory assigned to process): 93M, peak: 93M
current process commit charge ("private bytes"): 221M, peak: 223M

vm_info: OpenJDK 64-Bit Server VM (17.0.6+10) for windows-amd64 JRE (17.0.6+10), built on Jan 18 2023 10:08:59 by "temurin" with MS VC++ 16.7 (VS2019)

END.
